#
# There is insufficient memory for the Java Runtime Environment to continue.
# Native memory allocation (malloc) failed to allocate 1622736 bytes for Chunk::new
# Possible reasons:
#   The system is out of physical RAM or swap space
#   The process is running with CompressedOops enabled, and the Java Heap may be blocking the growth of the native heap
# Possible solutions:
#   Reduce memory load on the system
#   Increase physical memory or swap space
#   Check if swap backing store is full
#   Decrease Java heap size (-Xmx/-Xms)
#   Decrease number of Java threads
#   Decrease Java thread stack sizes (-Xss)
#   Set larger code cache with -XX:ReservedCodeCacheSize=
#   JVM is running with Unscaled Compressed Oops mode in which the Java heap is
#     placed in the first 4GB address space. The Java Heap base address is the
#     maximum limit for the native heap growth. Please use -XX:HeapBaseMinAddress
#     to set the Java Heap base and to place the Java Heap above 4GB virtual address.
# This output file may be truncated or incomplete.
#
#  Out of Memory Error (arena.cpp:189), pid=12904, tid=23020
#
# JRE version: OpenJDK Runtime Environment (17.0.6) (build 17.0.6+0-b2043.56-9586694)
# Java VM: OpenJDK 64-Bit Server VM (17.0.6+0-b2043.56-9586694, mixed mode, tiered, compressed oops, compressed class ptrs, g1 gc, windows-amd64)
# No core dump will be written. Minidumps are not enabled by default on client versions of Windows
#

---------------  S U M M A R Y ------------

Command Line: --add-opens=java.base/java.util=ALL-UNNAMED --add-opens=java.base/java.lang=ALL-UNNAMED --add-opens=java.base/java.lang.invoke=ALL-UNNAMED --add-opens=java.prefs/java.util.prefs=ALL-UNNAMED --add-opens=java.base/java.nio.charset=ALL-UNNAMED --add-opens=java.base/java.net=ALL-UNNAMED --add-opens=java.base/java.util.concurrent.atomic=ALL-UNNAMED -Xmx2048m -Dfile.encoding=UTF-8 -Duser.country=KR -Duser.language=ko -Duser.variant org.gradle.launcher.daemon.bootstrap.GradleDaemon 8.0

Host: 11th Gen Intel(R) Core(TM) i5-1135G7 @ 2.40GHz, 8 cores, 15G,  Windows 10 , 64 bit Build 19041 (10.0.19041.2788)
Time: Fri May 12 15:01:36 2023  Windows 10 , 64 bit Build 19041 (10.0.19041.2788) elapsed time: 8.265533 seconds (0d 0h 0m 8s)

---------------  T H R E A D  ---------------

Current thread (0x0000029165516080):  JavaThread "C2 CompilerThread1" daemon [_thread_in_native, id=23020, stack(0x000000dc26900000,0x000000dc26a00000)]


Current CompileTask:
C2:   8265 7559   !   4       org.codehaus.groovy.reflection.stdclasses.CachedSAMClass::hasUsableImplementation (72 bytes)

Stack: [0x000000dc26900000,0x000000dc26a00000]
Native frames: (J=compiled Java code, j=interpreted, Vv=VM code, C=native code)
V  [jvm.dll+0x683b4a]
V  [jvm.dll+0x842654]
V  [jvm.dll+0x843dfe]
V  [jvm.dll+0x844463]
V  [jvm.dll+0x249b75]
V  [jvm.dll+0xabcac]
V  [jvm.dll+0xac27c]
V  [jvm.dll+0x368802]
V  [jvm.dll+0x332f31]
V  [jvm.dll+0x3323da]
V  [jvm.dll+0x21c201]
V  [jvm.dll+0x21b621]
V  [jvm.dll+0x1a4fdd]
V  [jvm.dll+0x22b098]
V  [jvm.dll+0x229159]
V  [jvm.dll+0x7f809c]
V  [jvm.dll+0x7f25fa]
V  [jvm.dll+0x682985]
C  [ucrtbase.dll+0x21bb2]
C  [KERNEL32.DLL+0x17604]
C  [ntdll.dll+0x526a1]


---------------  P R O C E S S  ---------------

Threads class SMR info:
_java_thread_list=0x000002916a9c5550, length=126, elements={
0x00000291486da180, 0x0000029163014090, 0x0000029163016440, 0x0000029163062b70,
0x00000291630340b0, 0x0000029163036d80, 0x0000029163037640, 0x000002916307d3f0,
0x000002916307dcf0, 0x0000029163080da0, 0x000002916321d570, 0x0000029163220260,
0x00000291659182a0, 0x0000029164718930, 0x000002916333b5b0, 0x00000291649cc580,
0x000002916465ff90, 0x00000291649b5930, 0x0000029163d342a0, 0x0000029166371f60,
0x0000029166372430, 0x0000029166370750, 0x0000029165516080, 0x0000029166373c40,
0x00000291663732a0, 0x0000029166370c20, 0x0000029165515660, 0x00000291663710f0,
0x0000029166374110, 0x00000291663715c0, 0x0000029166372900, 0x0000029166372dd0,
0x0000029166373770, 0x0000029166f9dee0, 0x0000029166f9a520, 0x0000029166f9b390,
0x0000029166f9b860, 0x0000029166f9e3b0, 0x0000029166f9a050, 0x0000029166f9da10,
0x0000029166f9c6d0, 0x0000029166f9c200, 0x0000029166f9bd30, 0x0000029166f98840,
0x0000029166f97ea0, 0x0000029166f98370, 0x0000029166f9d070, 0x0000029166f996b0,
0x0000029166f9d540, 0x0000029166f99b80, 0x0000029166f97500, 0x0000029166f9a9f0,
0x000002916572c4e0, 0x0000029165728650, 0x000002916572c010, 0x000002916572eb60,
0x000002916572bb40, 0x000002916572f500, 0x0000029165729990, 0x000002916572acd0,
0x000002916572f030, 0x0000029165728b20, 0x000002916572ce80, 0x000002916572c9b0,
0x000002916572d350, 0x000002916572d820, 0x000002916572dcf0, 0x000002916572e1c0,
0x0000029165728ff0, 0x000002916572f9d0, 0x00000291657294c0, 0x000002916572b1a0,
0x0000029165728180, 0x0000029165729e60, 0x000002916572e690, 0x000002916572a800,
0x000002916572a330, 0x000002916572b670, 0x0000029164ab0a10, 0x0000029164ab2bc0,
0x0000029164ab13b0, 0x0000029164ab3090, 0x0000029164ab5be0, 0x0000029164ab5710,
0x0000029164ab1880, 0x0000029164aaf200, 0x0000029164ab2220, 0x0000029164aaf6d0,
0x0000029164ab26f0, 0x0000029164ab0ee0, 0x0000029164aafba0, 0x0000029164ab60b0,
0x0000029164ab0070, 0x0000029164ab4d70, 0x0000029164ab0540, 0x0000029164ab6580,
0x0000029164ab1d50, 0x0000029164aaed30, 0x0000029164ab3f00, 0x0000029164ab3560,
0x0000029164ab3a30, 0x0000029164ab43d0, 0x0000029164ab48a0, 0x0000029164ab5240,
0x00000291687a5e30, 0x00000291687a6ca0, 0x00000291687a4fc0, 0x00000291687a67d0,
0x00000291687a6300, 0x00000291687a8980, 0x00000291687a7b10, 0x00000291687a7fe0,
0x00000291687a5490, 0x00000291687a5960, 0x00000291687a7170, 0x00000291687a84b0,
0x00000291687a7640, 0x00000291633ccac0, 0x00000291633cc120, 0x00000291633cd930,
0x00000291633cc5f0, 0x00000291633c6f50, 0x00000291633cde00, 0x00000291633c9aa0,
0x00000291633cb780, 0x00000291633cade0
}

Java Threads: ( => current thread )
  0x00000291486da180 JavaThread "main" [_thread_blocked, id=24776, stack(0x000000dc24400000,0x000000dc24500000)]
  0x0000029163014090 JavaThread "Reference Handler" daemon [_thread_blocked, id=25860, stack(0x000000dc24b00000,0x000000dc24c00000)]
  0x0000029163016440 JavaThread "Finalizer" daemon [_thread_blocked, id=22344, stack(0x000000dc24c00000,0x000000dc24d00000)]
  0x0000029163062b70 JavaThread "Signal Dispatcher" daemon [_thread_blocked, id=2432, stack(0x000000dc24d00000,0x000000dc24e00000)]
  0x00000291630340b0 JavaThread "Attach Listener" daemon [_thread_blocked, id=15608, stack(0x000000dc24e00000,0x000000dc24f00000)]
  0x0000029163036d80 JavaThread "Service Thread" daemon [_thread_blocked, id=25296, stack(0x000000dc24f00000,0x000000dc25000000)]
  0x0000029163037640 JavaThread "Monitor Deflation Thread" daemon [_thread_blocked, id=19064, stack(0x000000dc25000000,0x000000dc25100000)]
  0x000002916307d3f0 JavaThread "C2 CompilerThread0" daemon [_thread_in_native, id=28620, stack(0x000000dc25100000,0x000000dc25200000)]
  0x000002916307dcf0 JavaThread "C1 CompilerThread0" daemon [_thread_blocked, id=25376, stack(0x000000dc25200000,0x000000dc25300000)]
  0x0000029163080da0 JavaThread "Sweeper thread" daemon [_thread_blocked, id=28260, stack(0x000000dc25300000,0x000000dc25400000)]
  0x000002916321d570 JavaThread "Common-Cleaner" daemon [_thread_blocked, id=30040, stack(0x000000dc25400000,0x000000dc25500000)]
  0x0000029163220260 JavaThread "Notification Thread" daemon [_thread_blocked, id=23860, stack(0x000000dc25500000,0x000000dc25600000)]
  0x00000291659182a0 JavaThread "Daemon health stats" [_thread_blocked, id=9572, stack(0x000000dc25e00000,0x000000dc25f00000)]
  0x0000029164718930 JavaThread "Incoming local TCP Connector on port 54136" [_thread_in_native, id=13568, stack(0x000000dc25700000,0x000000dc25800000)]
  0x000002916333b5b0 JavaThread "Daemon periodic checks" [_thread_blocked, id=15292, stack(0x000000dc25d00000,0x000000dc25e00000)]
  0x00000291649cc580 JavaThread "Daemon" [_thread_blocked, id=22296, stack(0x000000dc25f00000,0x000000dc26000000)]
  0x000002916465ff90 JavaThread "Handler for socket connection from /127.0.0.1:54136 to /127.0.0.1:54137" [_thread_in_native, id=23796, stack(0x000000dc26000000,0x000000dc26100000)]
  0x00000291649b5930 JavaThread "Cancel handler" [_thread_blocked, id=27272, stack(0x000000dc26100000,0x000000dc26200000)]
  0x0000029163d342a0 JavaThread "Daemon worker" [_thread_in_vm, id=14368, stack(0x000000dc26200000,0x000000dc26300000)]
  0x0000029166371f60 JavaThread "Asynchronous log dispatcher for DefaultDaemonConnection: socket connection from /127.0.0.1:54136 to /127.0.0.1:54137" [_thread_blocked, id=21488, stack(0x000000dc26300000,0x000000dc26400000)]
  0x0000029166372430 JavaThread "Stdin handler" [_thread_blocked, id=3364, stack(0x000000dc26400000,0x000000dc26500000)]
  0x0000029166370750 JavaThread "Daemon client event forwarder" [_thread_blocked, id=27076, stack(0x000000dc26500000,0x000000dc26600000)]
=>0x0000029165516080 JavaThread "C2 CompilerThread1" daemon [_thread_in_native, id=23020, stack(0x000000dc26900000,0x000000dc26a00000)]
  0x0000029166373c40 JavaThread "Cache worker for journal cache (C:\Users\User\.gradle\caches\journal-1)" [_thread_blocked, id=12676, stack(0x000000dc26a00000,0x000000dc26b00000)]
  0x00000291663732a0 JavaThread "File lock request listener" [_thread_in_native, id=14100, stack(0x000000dc26b00000,0x000000dc26c00000)]
  0x0000029166370c20 JavaThread "Cache worker for file hash cache (C:\Users\User\.gradle\caches\8.0\fileHashes)" [_thread_blocked, id=15248, stack(0x000000dc26c00000,0x000000dc26d00000)]
  0x0000029165515660 JavaThread "C2 CompilerThread2" daemon [_thread_in_native, id=11688, stack(0x000000dc26d00000,0x000000dc26e00000)]
  0x00000291663710f0 JavaThread "File watcher server" daemon [_thread_in_native, id=10932, stack(0x000000dc26e00000,0x000000dc26f00000)]
  0x0000029166374110 JavaThread "File watcher consumer" daemon [_thread_blocked, id=30084, stack(0x000000dc26f00000,0x000000dc27000000)]
  0x00000291663715c0 JavaThread "jar transforms" [_thread_blocked, id=8960, stack(0x000000dc27000000,0x000000dc27100000)]
  0x0000029166372900 JavaThread "jar transforms Thread 2" [_thread_blocked, id=6112, stack(0x000000dc27100000,0x000000dc27200000)]
  0x0000029166372dd0 JavaThread "jar transforms Thread 3" [_thread_blocked, id=9148, stack(0x000000dc27200000,0x000000dc27300000)]
  0x0000029166373770 JavaThread "jar transforms Thread 4" [_thread_blocked, id=29572, stack(0x000000dc27300000,0x000000dc27400000)]
  0x0000029166f9dee0 JavaThread "jar transforms Thread 5" [_thread_blocked, id=26008, stack(0x000000dc27400000,0x000000dc27500000)]
  0x0000029166f9a520 JavaThread "jar transforms Thread 6" [_thread_blocked, id=9624, stack(0x000000dc27500000,0x000000dc27600000)]
  0x0000029166f9b390 JavaThread "jar transforms Thread 7" [_thread_blocked, id=24464, stack(0x000000dc27600000,0x000000dc27700000)]
  0x0000029166f9b860 JavaThread "jar transforms Thread 8" [_thread_blocked, id=10184, stack(0x000000dc27700000,0x000000dc27800000)]
  0x0000029166f9e3b0 JavaThread "Cache worker for checksums cache (C:\Users\User\Desktop\Android basic(github)\contentprovider2\.gradle\8.0\checksums)" [_thread_blocked, id=12136, stack(0x000000dc27800000,0x000000dc27900000)]
  0x0000029166f9a050 JavaThread "Cache worker for cache directory md-rule (C:\Users\User\.gradle\caches\8.0\md-rule)" [_thread_blocked, id=14984, stack(0x000000dc27900000,0x000000dc27a00000)]
  0x0000029166f9da10 JavaThread "Cache worker for file content cache (C:\Users\User\.gradle\caches\8.0\fileContent)" [_thread_blocked, id=27412, stack(0x000000dc27a00000,0x000000dc27b00000)]
  0x0000029166f9c6d0 JavaThread "Cache worker for file hash cache (C:\Users\User\Desktop\Android basic(github)\contentprovider2\.gradle\8.0\fileHashes)" [_thread_blocked, id=27460, stack(0x000000dc27b00000,0x000000dc27c00000)]
  0x0000029166f9c200 JavaThread "Cache worker for cache directory md-supplier (C:\Users\User\.gradle\caches\8.0\md-supplier)" [_thread_blocked, id=2336, stack(0x000000dc27c00000,0x000000dc27d00000)]
  0x0000029166f9bd30 JavaThread "Cache worker for execution history cache (C:\Users\User\.gradle\caches\8.0\executionHistory)" [_thread_blocked, id=28436, stack(0x000000dc27d00000,0x000000dc27e00000)]
  0x0000029166f98840 JavaThread "Cache worker for dependencies-accessors (C:\Users\User\Desktop\Android basic(github)\contentprovider2\.gradle\8.0\dependencies-accessors)" [_thread_blocked, id=30684, stack(0x000000dc27e00000,0x000000dc27f00000)]
  0x0000029166f97ea0 JavaThread "Cache worker for Build Output Cleanup Cache (C:\Users\User\Desktop\Android basic(github)\contentprovider2\.gradle\buildOutputCleanup)" [_thread_blocked, id=23188, stack(0x000000dc27f00000,0x000000dc28000000)]
  0x0000029166f98370 JavaThread "Unconstrained build operations" [_thread_blocked, id=21388, stack(0x000000dc28000000,0x000000dc28100000)]
  0x0000029166f9d070 JavaThread "Unconstrained build operations Thread 2" [_thread_blocked, id=25340, stack(0x000000dc28100000,0x000000dc28200000)]
  0x0000029166f996b0 JavaThread "Unconstrained build operations Thread 3" [_thread_blocked, id=5328, stack(0x000000dc28200000,0x000000dc28300000)]
  0x0000029166f9d540 JavaThread "Unconstrained build operations Thread 4" [_thread_blocked, id=17668, stack(0x000000dc28300000,0x000000dc28400000)]
  0x0000029166f99b80 JavaThread "Unconstrained build operations Thread 5" [_thread_blocked, id=17208, stack(0x000000dc28400000,0x000000dc28500000)]
  0x0000029166f97500 JavaThread "Unconstrained build operations Thread 6" [_thread_blocked, id=20284, stack(0x000000dc28500000,0x000000dc28600000)]
  0x0000029166f9a9f0 JavaThread "Unconstrained build operations Thread 7" [_thread_blocked, id=26296, stack(0x000000dc28600000,0x000000dc28700000)]
  0x000002916572c4e0 JavaThread "Unconstrained build operations Thread 8" [_thread_blocked, id=16256, stack(0x000000dc28700000,0x000000dc28800000)]
  0x0000029165728650 JavaThread "Unconstrained build operations Thread 9" [_thread_blocked, id=13584, stack(0x000000dc28800000,0x000000dc28900000)]
  0x000002916572c010 JavaThread "Unconstrained build operations Thread 10" [_thread_blocked, id=24520, stack(0x000000dc28900000,0x000000dc28a00000)]
  0x000002916572eb60 JavaThread "Unconstrained build operations Thread 11" [_thread_blocked, id=9524, stack(0x000000dc28a00000,0x000000dc28b00000)]
  0x000002916572bb40 JavaThread "Unconstrained build operations Thread 12" [_thread_blocked, id=24764, stack(0x000000dc28b00000,0x000000dc28c00000)]
  0x000002916572f500 JavaThread "Unconstrained build operations Thread 13" [_thread_blocked, id=12452, stack(0x000000dc28c00000,0x000000dc28d00000)]
  0x0000029165729990 JavaThread "Unconstrained build operations Thread 14" [_thread_blocked, id=6788, stack(0x000000dc28d00000,0x000000dc28e00000)]
  0x000002916572acd0 JavaThread "Unconstrained build operations Thread 15" [_thread_blocked, id=2776, stack(0x000000dc28e00000,0x000000dc28f00000)]
  0x000002916572f030 JavaThread "Unconstrained build operations Thread 16" [_thread_blocked, id=10296, stack(0x000000dc28f00000,0x000000dc29000000)]
  0x0000029165728b20 JavaThread "Unconstrained build operations Thread 17" [_thread_blocked, id=30640, stack(0x000000dc29000000,0x000000dc29100000)]
  0x000002916572ce80 JavaThread "Unconstrained build operations Thread 18" [_thread_blocked, id=6564, stack(0x000000dc29100000,0x000000dc29200000)]
  0x000002916572c9b0 JavaThread "Unconstrained build operations Thread 19" [_thread_blocked, id=2076, stack(0x000000dc29200000,0x000000dc29300000)]
  0x000002916572d350 JavaThread "Unconstrained build operations Thread 20" [_thread_blocked, id=7996, stack(0x000000dc29300000,0x000000dc29400000)]
  0x000002916572d820 JavaThread "Unconstrained build operations Thread 21" [_thread_blocked, id=27608, stack(0x000000dc29400000,0x000000dc29500000)]
  0x000002916572dcf0 JavaThread "Unconstrained build operations Thread 22" [_thread_blocked, id=9128, stack(0x000000dc29500000,0x000000dc29600000)]
  0x000002916572e1c0 JavaThread "Unconstrained build operations Thread 23" [_thread_blocked, id=8000, stack(0x000000dc29600000,0x000000dc29700000)]
  0x0000029165728ff0 JavaThread "Unconstrained build operations Thread 24" [_thread_blocked, id=22288, stack(0x000000dc29700000,0x000000dc29800000)]
  0x000002916572f9d0 JavaThread "Unconstrained build operations Thread 25" [_thread_blocked, id=3376, stack(0x000000dc29800000,0x000000dc29900000)]
  0x00000291657294c0 JavaThread "Unconstrained build operations Thread 26" [_thread_blocked, id=17056, stack(0x000000dc29900000,0x000000dc29a00000)]
  0x000002916572b1a0 JavaThread "Unconstrained build operations Thread 27" [_thread_blocked, id=20072, stack(0x000000dc29a00000,0x000000dc29b00000)]
  0x0000029165728180 JavaThread "Unconstrained build operations Thread 28" [_thread_blocked, id=15712, stack(0x000000dc29b00000,0x000000dc29c00000)]
  0x0000029165729e60 JavaThread "Unconstrained build operations Thread 29" [_thread_blocked, id=1852, stack(0x000000dc29c00000,0x000000dc29d00000)]
  0x000002916572e690 JavaThread "Unconstrained build operations Thread 30" [_thread_blocked, id=18172, stack(0x000000dc29d00000,0x000000dc29e00000)]
  0x000002916572a800 JavaThread "Unconstrained build operations Thread 31" [_thread_blocked, id=29120, stack(0x000000dc29e00000,0x000000dc29f00000)]
  0x000002916572a330 JavaThread "Unconstrained build operations Thread 32" [_thread_blocked, id=15236, stack(0x000000dc29f00000,0x000000dc2a000000)]
  0x000002916572b670 JavaThread "Unconstrained build operations Thread 33" [_thread_blocked, id=25292, stack(0x000000dc2a000000,0x000000dc2a100000)]
  0x0000029164ab0a10 JavaThread "Unconstrained build operations Thread 34" [_thread_blocked, id=24532, stack(0x000000dc2a100000,0x000000dc2a200000)]
  0x0000029164ab2bc0 JavaThread "Unconstrained build operations Thread 35" [_thread_blocked, id=25872, stack(0x000000dc2a200000,0x000000dc2a300000)]
  0x0000029164ab13b0 JavaThread "Unconstrained build operations Thread 36" [_thread_blocked, id=30180, stack(0x000000dc2a300000,0x000000dc2a400000)]
  0x0000029164ab3090 JavaThread "Unconstrained build operations Thread 37" [_thread_blocked, id=16472, stack(0x000000dc2a400000,0x000000dc2a500000)]
  0x0000029164ab5be0 JavaThread "Unconstrained build operations Thread 38" [_thread_blocked, id=21308, stack(0x000000dc2a500000,0x000000dc2a600000)]
  0x0000029164ab5710 JavaThread "Unconstrained build operations Thread 39" [_thread_blocked, id=28484, stack(0x000000dc2a600000,0x000000dc2a700000)]
  0x0000029164ab1880 JavaThread "Unconstrained build operations Thread 40" [_thread_blocked, id=30544, stack(0x000000dc2a700000,0x000000dc2a800000)]
  0x0000029164aaf200 JavaThread "Unconstrained build operations Thread 41" [_thread_blocked, id=16616, stack(0x000000dc2a800000,0x000000dc2a900000)]
  0x0000029164ab2220 JavaThread "Unconstrained build operations Thread 42" [_thread_blocked, id=12416, stack(0x000000dc2a900000,0x000000dc2aa00000)]
  0x0000029164aaf6d0 JavaThread "Unconstrained build operations Thread 43" [_thread_blocked, id=29556, stack(0x000000dc2aa00000,0x000000dc2ab00000)]
  0x0000029164ab26f0 JavaThread "Unconstrained build operations Thread 44" [_thread_blocked, id=27028, stack(0x000000dc2ab00000,0x000000dc2ac00000)]
  0x0000029164ab0ee0 JavaThread "Unconstrained build operations Thread 45" [_thread_blocked, id=6936, stack(0x000000dc2ac00000,0x000000dc2ad00000)]
  0x0000029164aafba0 JavaThread "Unconstrained build operations Thread 46" [_thread_blocked, id=20576, stack(0x000000dc2ad00000,0x000000dc2ae00000)]
  0x0000029164ab60b0 JavaThread "Unconstrained build operations Thread 47" [_thread_blocked, id=22268, stack(0x000000dc2ae00000,0x000000dc2af00000)]
  0x0000029164ab0070 JavaThread "Unconstrained build operations Thread 48" [_thread_blocked, id=8968, stack(0x000000dc2af00000,0x000000dc2b000000)]
  0x0000029164ab4d70 JavaThread "Unconstrained build operations Thread 49" [_thread_blocked, id=4464, stack(0x000000dc2b000000,0x000000dc2b100000)]
  0x0000029164ab0540 JavaThread "Unconstrained build operations Thread 50" [_thread_blocked, id=24008, stack(0x000000dc2b100000,0x000000dc2b200000)]
  0x0000029164ab6580 JavaThread "Unconstrained build operations Thread 51" [_thread_blocked, id=30320, stack(0x000000dc2b200000,0x000000dc2b300000)]
  0x0000029164ab1d50 JavaThread "Unconstrained build operations Thread 52" [_thread_blocked, id=18640, stack(0x000000dc2b300000,0x000000dc2b400000)]
  0x0000029164aaed30 JavaThread "Unconstrained build operations Thread 53" [_thread_blocked, id=21704, stack(0x000000dc2b400000,0x000000dc2b500000)]
  0x0000029164ab3f00 JavaThread "Unconstrained build operations Thread 54" [_thread_blocked, id=16404, stack(0x000000dc2b500000,0x000000dc2b600000)]
  0x0000029164ab3560 JavaThread "Unconstrained build operations Thread 55" [_thread_blocked, id=28688, stack(0x000000dc2b600000,0x000000dc2b700000)]
  0x0000029164ab3a30 JavaThread "Unconstrained build operations Thread 56" [_thread_blocked, id=15440, stack(0x000000dc2b700000,0x000000dc2b800000)]
  0x0000029164ab43d0 JavaThread "Unconstrained build operations Thread 57" [_thread_blocked, id=17468, stack(0x000000dc2b800000,0x000000dc2b900000)]
  0x0000029164ab48a0 JavaThread "Unconstrained build operations Thread 58" [_thread_blocked, id=13100, stack(0x000000dc2b900000,0x000000dc2ba00000)]
  0x0000029164ab5240 JavaThread "Unconstrained build operations Thread 59" [_thread_blocked, id=23724, stack(0x000000dc2ba00000,0x000000dc2bb00000)]
  0x00000291687a5e30 JavaThread "Unconstrained build operations Thread 60" [_thread_blocked, id=10232, stack(0x000000dc2bb00000,0x000000dc2bc00000)]
  0x00000291687a6ca0 JavaThread "Unconstrained build operations Thread 61" [_thread_blocked, id=21640, stack(0x000000dc2bc00000,0x000000dc2bd00000)]
  0x00000291687a4fc0 JavaThread "Unconstrained build operations Thread 62" [_thread_blocked, id=24356, stack(0x000000dc2bd00000,0x000000dc2be00000)]
  0x00000291687a67d0 JavaThread "Unconstrained build operations Thread 63" [_thread_blocked, id=13872, stack(0x000000dc2be00000,0x000000dc2bf00000)]
  0x00000291687a6300 JavaThread "Unconstrained build operations Thread 64" [_thread_blocked, id=2232, stack(0x000000dc2bf00000,0x000000dc2c000000)]
  0x00000291687a8980 JavaThread "Unconstrained build operations Thread 65" [_thread_blocked, id=25820, stack(0x000000dc2c000000,0x000000dc2c100000)]
  0x00000291687a7b10 JavaThread "Unconstrained build operations Thread 66" [_thread_blocked, id=4108, stack(0x000000dc2c100000,0x000000dc2c200000)]
  0x00000291687a7fe0 JavaThread "Unconstrained build operations Thread 67" [_thread_blocked, id=4240, stack(0x000000dc2c200000,0x000000dc2c300000)]
  0x00000291687a5490 JavaThread "Unconstrained build operations Thread 68" [_thread_blocked, id=22008, stack(0x000000dc2c300000,0x000000dc2c400000)]
  0x00000291687a5960 JavaThread "Unconstrained build operations Thread 69" [_thread_blocked, id=5416, stack(0x000000dc2c400000,0x000000dc2c500000)]
  0x00000291687a7170 JavaThread "Unconstrained build operations Thread 70" [_thread_blocked, id=16528, stack(0x000000dc2c500000,0x000000dc2c600000)]
  0x00000291687a84b0 JavaThread "Unconstrained build operations Thread 71" [_thread_blocked, id=9960, stack(0x000000dc2c600000,0x000000dc2c700000)]
  0x00000291687a7640 JavaThread "Unconstrained build operations Thread 72" [_thread_blocked, id=7420, stack(0x000000dc2c700000,0x000000dc2c800000)]
  0x00000291633ccac0 JavaThread "Unconstrained build operations Thread 73" [_thread_blocked, id=18548, stack(0x000000dc2c800000,0x000000dc2c900000)]
  0x00000291633cc120 JavaThread "Unconstrained build operations Thread 74" [_thread_blocked, id=7460, stack(0x000000dc2c900000,0x000000dc2ca00000)]
  0x00000291633cd930 JavaThread "Unconstrained build operations Thread 75" [_thread_blocked, id=2320, stack(0x000000dc2ca00000,0x000000dc2cb00000)]
  0x00000291633cc5f0 JavaThread "Unconstrained build operations Thread 76" [_thread_blocked, id=960, stack(0x000000dc2cb00000,0x000000dc2cc00000)]
  0x00000291633c6f50 JavaThread "Unconstrained build operations Thread 77" [_thread_blocked, id=24388, stack(0x000000dc2cc00000,0x000000dc2cd00000)]
  0x00000291633cde00 JavaThread "Unconstrained build operations Thread 78" [_thread_blocked, id=16704, stack(0x000000dc2cd00000,0x000000dc2ce00000)]
  0x00000291633c9aa0 JavaThread "Unconstrained build operations Thread 79" [_thread_blocked, id=19540, stack(0x000000dc2ce00000,0x000000dc2cf00000)]
  0x00000291633cb780 JavaThread "Unconstrained build operations Thread 80" [_thread_blocked, id=24780, stack(0x000000dc2cf00000,0x000000dc2d000000)]
  0x00000291633cade0 JavaThread "Memory manager" [_thread_blocked, id=21664, stack(0x000000dc2d000000,0x000000dc2d100000)]

Other Threads:
  0x000002916300f6b0 VMThread "VM Thread" [stack: 0x000000dc24a00000,0x000000dc24b00000] [id=26276]
  0x0000029163220f50 WatcherThread [stack: 0x000000dc25600000,0x000000dc25700000] [id=21092]
  0x00000291487382f0 GCTaskThread "GC Thread#0" [stack: 0x000000dc24500000,0x000000dc24600000] [id=10552]
  0x0000029163a31bf0 GCTaskThread "GC Thread#1" [stack: 0x000000dc25800000,0x000000dc25900000] [id=18916]
  0x0000029163df3450 GCTaskThread "GC Thread#2" [stack: 0x000000dc25900000,0x000000dc25a00000] [id=24248]
  0x0000029163df3700 GCTaskThread "GC Thread#3" [stack: 0x000000dc25a00000,0x000000dc25b00000] [id=22672]
  0x0000029163d60050 GCTaskThread "GC Thread#4" [stack: 0x000000dc25b00000,0x000000dc25c00000] [id=5860]
  0x0000029163d60b10 GCTaskThread "GC Thread#5" [stack: 0x000000dc25c00000,0x000000dc25d00000] [id=26784]
  0x00000291642bb570 GCTaskThread "GC Thread#6" [stack: 0x000000dc26600000,0x000000dc26700000] [id=2984]
  0x00000291654c1b00 GCTaskThread "GC Thread#7" [stack: 0x000000dc26700000,0x000000dc26800000] [id=7292]
  0x0000029148749140 ConcurrentGCThread "G1 Main Marker" [stack: 0x000000dc24600000,0x000000dc24700000] [id=30440]
  0x0000029148749a60 ConcurrentGCThread "G1 Conc#0" [stack: 0x000000dc24700000,0x000000dc24800000] [id=19316]
  0x0000029164833aa0 ConcurrentGCThread "G1 Conc#1" [stack: 0x000000dc26800000,0x000000dc26900000] [id=9848]
  0x00000291487ae0d0 ConcurrentGCThread "G1 Refine#0" [stack: 0x000000dc24800000,0x000000dc24900000] [id=17184]
  0x00000291487aea00 ConcurrentGCThread "G1 Service" [stack: 0x000000dc24900000,0x000000dc24a00000] [id=12508]

Threads with active compile tasks:
C2 CompilerThread0     8315 7635   !   4       jdk.internal.loader.Resource::getBytes (244 bytes)
C2 CompilerThread1     8315 7559   !   4       org.codehaus.groovy.reflection.stdclasses.CachedSAMClass::hasUsableImplementation (72 bytes)
C2 CompilerThread2     8315 7571       4       java.beans.Introspector::addMethod (196 bytes)

VM state: not at safepoint (normal execution)

VM Mutex/Monitor currently owned by a thread: None

Heap address: 0x0000000080000000, size: 2048 MB, Compressed Oops mode: 32-bit

CDS archive(s) not mapped
Compressed class space mapped at: 0x0000000100000000-0x0000000140000000, reserved size: 1073741824
Narrow klass base: 0x0000000000000000, Narrow klass shift: 3, Narrow klass range: 0x140000000

GC Precious Log:
 CPUs: 8 total, 8 available
 Memory: 16108M
 Large Page Support: Disabled
 NUMA Support: Disabled
 Compressed Oops: Enabled (32-bit)
 Heap Region Size: 1M
 Heap Min Capacity: 8M
 Heap Initial Capacity: 252M
 Heap Max Capacity: 2G
 Pre-touch: Disabled
 Parallel Workers: 8
 Concurrent Workers: 2
 Concurrent Refinement Workers: 8
 Periodic GC: Disabled

Heap:
 garbage-first heap   total 232448K, used 152906K [0x0000000080000000, 0x0000000100000000)
  region size 1024K, 29 young (29696K), 5 survivors (5120K)
 Metaspace       used 73694K, committed 74304K, reserved 1114112K
  class space    used 9777K, committed 10048K, reserved 1048576K

Heap Regions: E=young(eden), S=young(survivor), O=old, HS=humongous(starts), HC=humongous(continues), CS=collection set, F=free, OA=open archive, CA=closed archive, TAMS=top-at-mark-start (previous, next)
|   0|0x0000000080000000, 0x0000000080100000, 0x0000000080100000|100%|HS|  |TAMS 0x0000000080100000, 0x0000000080000000| Complete 
|   1|0x0000000080100000, 0x0000000080200000, 0x0000000080200000|100%|HC|  |TAMS 0x0000000080200000, 0x0000000080100000| Complete 
|   2|0x0000000080200000, 0x0000000080300000, 0x0000000080300000|100%|HC|  |TAMS 0x0000000080300000, 0x0000000080200000| Complete 
|   3|0x0000000080300000, 0x0000000080400000, 0x0000000080400000|100%|HC|  |TAMS 0x0000000080400000, 0x0000000080300000| Complete 
|   4|0x0000000080400000, 0x0000000080500000, 0x0000000080500000|100%| O|  |TAMS 0x0000000080500000, 0x0000000080400000| Untracked 
|   5|0x0000000080500000, 0x0000000080600000, 0x0000000080600000|100%| O|  |TAMS 0x0000000080600000, 0x0000000080500000| Untracked 
|   6|0x0000000080600000, 0x0000000080700000, 0x0000000080700000|100%| O|  |TAMS 0x0000000080700000, 0x0000000080600000| Untracked 
|   7|0x0000000080700000, 0x0000000080800000, 0x0000000080800000|100%| O|  |TAMS 0x0000000080800000, 0x0000000080700000| Untracked 
|   8|0x0000000080800000, 0x0000000080900000, 0x0000000080900000|100%| O|  |TAMS 0x0000000080900000, 0x0000000080800000| Untracked 
|   9|0x0000000080900000, 0x0000000080a00000, 0x0000000080a00000|100%| O|  |TAMS 0x0000000080a00000, 0x0000000080900000| Untracked 
|  10|0x0000000080a00000, 0x0000000080b00000, 0x0000000080b00000|100%| O|  |TAMS 0x0000000080b00000, 0x0000000080a00000| Untracked 
|  11|0x0000000080b00000, 0x0000000080c00000, 0x0000000080c00000|100%|HS|  |TAMS 0x0000000080c00000, 0x0000000080b00000| Complete 
|  12|0x0000000080c00000, 0x0000000080d00000, 0x0000000080d00000|100%| O|  |TAMS 0x0000000080d00000, 0x0000000080c00000| Untracked 
|  13|0x0000000080d00000, 0x0000000080e00000, 0x0000000080e00000|100%| O|  |TAMS 0x0000000080e00000, 0x0000000080d00000| Untracked 
|  14|0x0000000080e00000, 0x0000000080f00000, 0x0000000080f00000|100%| O|  |TAMS 0x0000000080f00000, 0x0000000080e00000| Untracked 
|  15|0x0000000080f00000, 0x0000000081000000, 0x0000000081000000|100%| O|  |TAMS 0x0000000081000000, 0x0000000080f00000| Untracked 
|  16|0x0000000081000000, 0x0000000081100000, 0x0000000081100000|100%| O|  |TAMS 0x0000000081100000, 0x0000000081000000| Untracked 
|  17|0x0000000081100000, 0x0000000081200000, 0x0000000081200000|100%| O|  |TAMS 0x0000000081200000, 0x0000000081100000| Untracked 
|  18|0x0000000081200000, 0x0000000081300000, 0x0000000081300000|100%| O|  |TAMS 0x0000000081300000, 0x0000000081200000| Untracked 
|  19|0x0000000081300000, 0x0000000081400000, 0x0000000081400000|100%| O|  |TAMS 0x0000000081400000, 0x0000000081300000| Untracked 
|  20|0x0000000081400000, 0x0000000081500000, 0x0000000081500000|100%| O|  |TAMS 0x0000000081500000, 0x0000000081400000| Untracked 
|  21|0x0000000081500000, 0x0000000081600000, 0x0000000081600000|100%|HS|  |TAMS 0x0000000081600000, 0x0000000081500000| Complete 
|  22|0x0000000081600000, 0x0000000081700000, 0x0000000081700000|100%|HC|  |TAMS 0x0000000081700000, 0x0000000081600000| Complete 
|  23|0x0000000081700000, 0x0000000081800000, 0x0000000081800000|100%|HS|  |TAMS 0x0000000081800000, 0x0000000081700000| Complete 
|  24|0x0000000081800000, 0x0000000081900000, 0x0000000081900000|100%|HC|  |TAMS 0x0000000081900000, 0x0000000081800000| Complete 
|  25|0x0000000081900000, 0x0000000081a00000, 0x0000000081a00000|100%|HC|  |TAMS 0x0000000081a00000, 0x0000000081900000| Complete 
|  26|0x0000000081a00000, 0x0000000081b00000, 0x0000000081b00000|100%|HS|  |TAMS 0x0000000081b00000, 0x0000000081a00000| Complete 
|  27|0x0000000081b00000, 0x0000000081c00000, 0x0000000081c00000|100%|HC|  |TAMS 0x0000000081c00000, 0x0000000081b00000| Complete 
|  28|0x0000000081c00000, 0x0000000081d00000, 0x0000000081d00000|100%|HC|  |TAMS 0x0000000081d00000, 0x0000000081c00000| Complete 
|  29|0x0000000081d00000, 0x0000000081e00000, 0x0000000081e00000|100%|HC|  |TAMS 0x0000000081e00000, 0x0000000081d00000| Complete 
|  30|0x0000000081e00000, 0x0000000081f00000, 0x0000000081f00000|100%|HC|  |TAMS 0x0000000081f00000, 0x0000000081e00000| Complete 
|  31|0x0000000081f00000, 0x0000000082000000, 0x0000000082000000|100%|HC|  |TAMS 0x0000000082000000, 0x0000000081f00000| Complete 
|  32|0x0000000082000000, 0x0000000082100000, 0x0000000082100000|100%| O|  |TAMS 0x0000000082100000, 0x0000000082000000| Untracked 
|  33|0x0000000082100000, 0x0000000082200000, 0x0000000082200000|100%| O|  |TAMS 0x0000000082200000, 0x0000000082100000| Untracked 
|  34|0x0000000082200000, 0x0000000082300000, 0x0000000082300000|100%| O|  |TAMS 0x0000000082300000, 0x0000000082200000| Untracked 
|  35|0x0000000082300000, 0x0000000082400000, 0x0000000082400000|100%|HS|  |TAMS 0x0000000082400000, 0x0000000082300000| Complete 
|  36|0x0000000082400000, 0x0000000082500000, 0x0000000082500000|100%|HC|  |TAMS 0x0000000082500000, 0x0000000082400000| Complete 
|  37|0x0000000082500000, 0x0000000082600000, 0x0000000082600000|100%|HS|  |TAMS 0x0000000082600000, 0x0000000082500000| Complete 
|  38|0x0000000082600000, 0x0000000082700000, 0x0000000082700000|100%|HC|  |TAMS 0x0000000082700000, 0x0000000082600000| Complete 
|  39|0x0000000082700000, 0x0000000082800000, 0x0000000082800000|100%|HC|  |TAMS 0x0000000082800000, 0x0000000082700000| Complete 
|  40|0x0000000082800000, 0x0000000082900000, 0x0000000082900000|100%|HC|  |TAMS 0x0000000082900000, 0x0000000082800000| Complete 
|  41|0x0000000082900000, 0x0000000082a00000, 0x0000000082a00000|100%|HC|  |TAMS 0x0000000082a00000, 0x0000000082900000| Complete 
|  42|0x0000000082a00000, 0x0000000082b00000, 0x0000000082b00000|100%|HC|  |TAMS 0x0000000082b00000, 0x0000000082a00000| Complete 
|  43|0x0000000082b00000, 0x0000000082c00000, 0x0000000082c00000|100%|HC|  |TAMS 0x0000000082c00000, 0x0000000082b00000| Complete 
|  44|0x0000000082c00000, 0x0000000082d00000, 0x0000000082d00000|100%|HC|  |TAMS 0x0000000082d00000, 0x0000000082c00000| Complete 
|  45|0x0000000082d00000, 0x0000000082e00000, 0x0000000082e00000|100%|HC|  |TAMS 0x0000000082e00000, 0x0000000082d00000| Complete 
|  46|0x0000000082e00000, 0x0000000082f00000, 0x0000000082f00000|100%|HC|  |TAMS 0x0000000082f00000, 0x0000000082e00000| Complete 
|  47|0x0000000082f00000, 0x0000000083000000, 0x0000000083000000|100%|HS|  |TAMS 0x0000000083000000, 0x0000000082f00000| Complete 
|  48|0x0000000083000000, 0x0000000083100000, 0x0000000083100000|100%|HC|  |TAMS 0x0000000083100000, 0x0000000083000000| Complete 
|  49|0x0000000083100000, 0x0000000083200000, 0x0000000083200000|100%|HS|  |TAMS 0x0000000083200000, 0x0000000083100000| Complete 
|  50|0x0000000083200000, 0x0000000083300000, 0x0000000083300000|100%|HC|  |TAMS 0x0000000083300000, 0x0000000083200000| Complete 
|  51|0x0000000083300000, 0x0000000083400000, 0x0000000083400000|100%|HC|  |TAMS 0x0000000083400000, 0x0000000083300000| Complete 
|  52|0x0000000083400000, 0x0000000083500000, 0x0000000083500000|100%| O|  |TAMS 0x0000000083500000, 0x0000000083400000| Untracked 
|  53|0x0000000083500000, 0x0000000083600000, 0x0000000083600000|100%| O|  |TAMS 0x0000000083600000, 0x0000000083500000| Untracked 
|  54|0x0000000083600000, 0x0000000083700000, 0x0000000083700000|100%| O|  |TAMS 0x0000000083700000, 0x0000000083600000| Untracked 
|  55|0x0000000083700000, 0x0000000083800000, 0x0000000083800000|100%|HS|  |TAMS 0x0000000083800000, 0x0000000083700000| Complete 
|  56|0x0000000083800000, 0x0000000083900000, 0x0000000083900000|100%|HC|  |TAMS 0x0000000083900000, 0x0000000083800000| Complete 
|  57|0x0000000083900000, 0x0000000083a00000, 0x0000000083a00000|100%|HC|  |TAMS 0x0000000083a00000, 0x0000000083900000| Complete 
|  58|0x0000000083a00000, 0x0000000083b00000, 0x0000000083b00000|100%|HC|  |TAMS 0x0000000083b00000, 0x0000000083a00000| Complete 
|  59|0x0000000083b00000, 0x0000000083c00000, 0x0000000083c00000|100%|HC|  |TAMS 0x0000000083c00000, 0x0000000083b00000| Complete 
|  60|0x0000000083c00000, 0x0000000083d00000, 0x0000000083d00000|100%|HC|  |TAMS 0x0000000083d00000, 0x0000000083c00000| Complete 
|  61|0x0000000083d00000, 0x0000000083e00000, 0x0000000083e00000|100%|HC|  |TAMS 0x0000000083e00000, 0x0000000083d00000| Complete 
|  62|0x0000000083e00000, 0x0000000083f00000, 0x0000000083f00000|100%|HC|  |TAMS 0x0000000083f00000, 0x0000000083e00000| Complete 
|  63|0x0000000083f00000, 0x0000000084000000, 0x0000000084000000|100%|HC|  |TAMS 0x0000000084000000, 0x0000000083f00000| Complete 
|  64|0x0000000084000000, 0x0000000084100000, 0x0000000084100000|100%|HC|  |TAMS 0x0000000084100000, 0x0000000084000000| Complete 
|  65|0x0000000084100000, 0x0000000084200000, 0x0000000084200000|100%|HC|  |TAMS 0x0000000084200000, 0x0000000084100000| Complete 
|  66|0x0000000084200000, 0x0000000084300000, 0x0000000084300000|100%|HS|  |TAMS 0x0000000084300000, 0x0000000084200000| Complete 
|  67|0x0000000084300000, 0x0000000084400000, 0x0000000084400000|100%|HC|  |TAMS 0x0000000084400000, 0x0000000084300000| Complete 
|  68|0x0000000084400000, 0x0000000084500000, 0x0000000084500000|100%| O|  |TAMS 0x0000000084500000, 0x0000000084400000| Untracked 
|  69|0x0000000084500000, 0x0000000084600000, 0x0000000084600000|100%| O|  |TAMS 0x0000000084600000, 0x0000000084500000| Untracked 
|  70|0x0000000084600000, 0x0000000084700000, 0x0000000084700000|100%| O|  |TAMS 0x0000000084700000, 0x0000000084600000| Untracked 
|  71|0x0000000084700000, 0x0000000084800000, 0x0000000084800000|100%| O|  |TAMS 0x0000000084800000, 0x0000000084700000| Untracked 
|  72|0x0000000084800000, 0x0000000084900000, 0x0000000084900000|100%| O|  |TAMS 0x0000000084900000, 0x0000000084800000| Untracked 
|  73|0x0000000084900000, 0x0000000084a00000, 0x0000000084a00000|100%| O|  |TAMS 0x0000000084a00000, 0x0000000084900000| Untracked 
|  74|0x0000000084a00000, 0x0000000084b00000, 0x0000000084b00000|100%| O|  |TAMS 0x0000000084b00000, 0x0000000084a00000| Untracked 
|  75|0x0000000084b00000, 0x0000000084c00000, 0x0000000084c00000|100%|HS|  |TAMS 0x0000000084c00000, 0x0000000084b00000| Complete 
|  76|0x0000000084c00000, 0x0000000084d00000, 0x0000000084d00000|100%|HC|  |TAMS 0x0000000084d00000, 0x0000000084c00000| Complete 
|  77|0x0000000084d00000, 0x0000000084e00000, 0x0000000084e00000|100%|HC|  |TAMS 0x0000000084e00000, 0x0000000084d00000| Complete 
|  78|0x0000000084e00000, 0x0000000084f00000, 0x0000000084f00000|100%|HS|  |TAMS 0x0000000084f00000, 0x0000000084e00000| Complete 
|  79|0x0000000084f00000, 0x0000000085000000, 0x0000000085000000|100%|HC|  |TAMS 0x0000000085000000, 0x0000000084f00000| Complete 
|  80|0x0000000085000000, 0x0000000085100000, 0x0000000085100000|100%|HS|  |TAMS 0x0000000085100000, 0x0000000085000000| Complete 
|  81|0x0000000085100000, 0x0000000085200000, 0x0000000085200000|100%|HC|  |TAMS 0x0000000085200000, 0x0000000085100000| Complete 
|  82|0x0000000085200000, 0x0000000085300000, 0x0000000085300000|100%|HC|  |TAMS 0x0000000085300000, 0x0000000085200000| Complete 
|  83|0x0000000085300000, 0x0000000085400000, 0x0000000085400000|100%| O|  |TAMS 0x0000000085400000, 0x0000000085300000| Untracked 
|  84|0x0000000085400000, 0x0000000085500000, 0x0000000085500000|100%| O|  |TAMS 0x0000000085500000, 0x0000000085400000| Untracked 
|  85|0x0000000085500000, 0x0000000085600000, 0x0000000085600000|100%| O|  |TAMS 0x0000000085600000, 0x0000000085500000| Untracked 
|  86|0x0000000085600000, 0x0000000085700000, 0x0000000085700000|100%| O|  |TAMS 0x0000000085700000, 0x0000000085600000| Untracked 
|  87|0x0000000085700000, 0x0000000085800000, 0x0000000085800000|100%| O|  |TAMS 0x0000000085800000, 0x0000000085700000| Untracked 
|  88|0x0000000085800000, 0x0000000085900000, 0x0000000085900000|100%| O|  |TAMS 0x0000000085900000, 0x0000000085800000| Untracked 
|  89|0x0000000085900000, 0x0000000085a00000, 0x0000000085a00000|100%| O|  |TAMS 0x0000000085a00000, 0x0000000085900000| Untracked 
|  90|0x0000000085a00000, 0x0000000085b00000, 0x0000000085b00000|100%|HS|  |TAMS 0x0000000085b00000, 0x0000000085a00000| Complete 
|  91|0x0000000085b00000, 0x0000000085c00000, 0x0000000085c00000|100%|HC|  |TAMS 0x0000000085c00000, 0x0000000085b00000| Complete 
|  92|0x0000000085c00000, 0x0000000085d00000, 0x0000000085d00000|100%|HC|  |TAMS 0x0000000085d00000, 0x0000000085c00000| Complete 
|  93|0x0000000085d00000, 0x0000000085e00000, 0x0000000085e00000|100%|HC|  |TAMS 0x0000000085e00000, 0x0000000085d00000| Complete 
|  94|0x0000000085e00000, 0x0000000085f00000, 0x0000000085f00000|100%|HC|  |TAMS 0x0000000085f00000, 0x0000000085e00000| Complete 
|  95|0x0000000085f00000, 0x0000000086000000, 0x0000000086000000|100%|HC|  |TAMS 0x0000000086000000, 0x0000000085f00000| Complete 
|  96|0x0000000086000000, 0x0000000086100000, 0x0000000086100000|100%|HS|  |TAMS 0x0000000086100000, 0x0000000086000000| Complete 
|  97|0x0000000086100000, 0x0000000086200000, 0x0000000086200000|100%| O|  |TAMS 0x0000000086200000, 0x0000000086100000| Untracked 
|  98|0x0000000086200000, 0x0000000086300000, 0x0000000086300000|100%|HS|  |TAMS 0x0000000086300000, 0x0000000086200000| Complete 
|  99|0x0000000086300000, 0x0000000086400000, 0x0000000086400000|100%|HS|  |TAMS 0x0000000086400000, 0x0000000086300000| Complete 
| 100|0x0000000086400000, 0x0000000086500000, 0x0000000086500000|100%|HC|  |TAMS 0x0000000086500000, 0x0000000086400000| Complete 
| 101|0x0000000086500000, 0x0000000086600000, 0x0000000086600000|100%|HS|  |TAMS 0x0000000086600000, 0x0000000086500000| Complete 
| 102|0x0000000086600000, 0x0000000086700000, 0x0000000086700000|100%| O|  |TAMS 0x0000000086700000, 0x0000000086600000| Untracked 
| 103|0x0000000086700000, 0x0000000086800000, 0x0000000086800000|100%|HS|  |TAMS 0x0000000086800000, 0x0000000086700000| Complete 
| 104|0x0000000086800000, 0x0000000086900000, 0x0000000086900000|100%|HC|  |TAMS 0x0000000086900000, 0x0000000086800000| Complete 
| 105|0x0000000086900000, 0x0000000086a00000, 0x0000000086a00000|100%|HC|  |TAMS 0x0000000086a00000, 0x0000000086900000| Complete 
| 106|0x0000000086a00000, 0x0000000086b00000, 0x0000000086b00000|100%|HC|  |TAMS 0x0000000086b00000, 0x0000000086a00000| Complete 
| 107|0x0000000086b00000, 0x0000000086c00000, 0x0000000086c00000|100%| O|  |TAMS 0x0000000086c00000, 0x0000000086b00000| Untracked 
| 108|0x0000000086c00000, 0x0000000086d00000, 0x0000000086d00000|100%| O|  |TAMS 0x0000000086d00000, 0x0000000086c00000| Untracked 
| 109|0x0000000086d00000, 0x0000000086e00000, 0x0000000086e00000|100%| O|  |TAMS 0x0000000086e00000, 0x0000000086d00000| Untracked 
| 110|0x0000000086e00000, 0x0000000086f00000, 0x0000000086f00000|100%| O|  |TAMS 0x0000000086f00000, 0x0000000086e00000| Untracked 
| 111|0x0000000086f00000, 0x0000000087000000, 0x0000000087000000|100%| O|  |TAMS 0x0000000087000000, 0x0000000086f00000| Untracked 
| 112|0x0000000087000000, 0x0000000087100000, 0x0000000087100000|100%| O|  |TAMS 0x0000000087100000, 0x0000000087000000| Untracked 
| 113|0x0000000087100000, 0x0000000087200000, 0x0000000087200000|100%| O|  |TAMS 0x0000000087200000, 0x0000000087100000| Untracked 
| 114|0x0000000087200000, 0x0000000087300000, 0x0000000087300000|100%| O|  |TAMS 0x0000000087300000, 0x0000000087200000| Untracked 
| 115|0x0000000087300000, 0x0000000087400000, 0x0000000087400000|100%| O|  |TAMS 0x0000000087400000, 0x0000000087300000| Untracked 
| 116|0x0000000087400000, 0x0000000087500000, 0x0000000087500000|100%| O|  |TAMS 0x0000000087400000, 0x0000000087400000| Untracked 
| 117|0x0000000087500000, 0x0000000087600000, 0x0000000087600000|100%| O|  |TAMS 0x0000000087500000, 0x0000000087500000| Untracked 
| 118|0x0000000087600000, 0x0000000087600000, 0x0000000087700000|  0%| F|  |TAMS 0x0000000087600000, 0x0000000087600000| Untracked 
| 119|0x0000000087700000, 0x0000000087800000, 0x0000000087800000|100%| O|  |TAMS 0x0000000087700000, 0x0000000087700000| Untracked 
| 120|0x0000000087800000, 0x0000000087900000, 0x0000000087900000|100%| O|  |TAMS 0x0000000087800000, 0x0000000087800000| Untracked 
| 121|0x0000000087900000, 0x0000000087988a00, 0x0000000087a00000| 53%| O|  |TAMS 0x0000000087900000, 0x0000000087900000| Untracked 
| 122|0x0000000087a00000, 0x0000000087b00000, 0x0000000087b00000|100%| O|  |TAMS 0x0000000087a9a200, 0x0000000087a00000| Untracked 
| 123|0x0000000087b00000, 0x0000000087b00000, 0x0000000087c00000|  0%| F|  |TAMS 0x0000000087b00000, 0x0000000087b00000| Untracked 
| 124|0x0000000087c00000, 0x0000000087c00000, 0x0000000087d00000|  0%| F|  |TAMS 0x0000000087c00000, 0x0000000087c00000| Untracked 
| 125|0x0000000087d00000, 0x0000000087d00000, 0x0000000087e00000|  0%| F|  |TAMS 0x0000000087d00000, 0x0000000087d00000| Untracked 
| 126|0x0000000087e00000, 0x0000000087e00000, 0x0000000087f00000|  0%| F|  |TAMS 0x0000000087e00000, 0x0000000087e00000| Untracked 
| 127|0x0000000087f00000, 0x0000000087f00000, 0x0000000088000000|  0%| F|  |TAMS 0x0000000087f00000, 0x0000000087f00000| Untracked 
| 128|0x0000000088000000, 0x0000000088000000, 0x0000000088100000|  0%| F|  |TAMS 0x0000000088000000, 0x0000000088000000| Untracked 
| 129|0x0000000088100000, 0x0000000088100000, 0x0000000088200000|  0%| F|  |TAMS 0x0000000088100000, 0x0000000088100000| Untracked 
| 130|0x0000000088200000, 0x0000000088200000, 0x0000000088300000|  0%| F|  |TAMS 0x0000000088200000, 0x0000000088200000| Untracked 
| 131|0x0000000088300000, 0x0000000088300000, 0x0000000088400000|  0%| F|  |TAMS 0x0000000088300000, 0x0000000088300000| Untracked 
| 132|0x0000000088400000, 0x0000000088400000, 0x0000000088500000|  0%| F|  |TAMS 0x0000000088400000, 0x0000000088400000| Untracked 
| 133|0x0000000088500000, 0x0000000088500000, 0x0000000088600000|  0%| F|  |TAMS 0x0000000088500000, 0x0000000088500000| Untracked 
| 134|0x0000000088600000, 0x0000000088600000, 0x0000000088700000|  0%| F|  |TAMS 0x0000000088600000, 0x0000000088600000| Untracked 
| 135|0x0000000088700000, 0x0000000088700000, 0x0000000088800000|  0%| F|  |TAMS 0x0000000088700000, 0x0000000088700000| Untracked 
| 136|0x0000000088800000, 0x0000000088800000, 0x0000000088900000|  0%| F|  |TAMS 0x0000000088800000, 0x0000000088800000| Untracked 
| 137|0x0000000088900000, 0x0000000088900000, 0x0000000088a00000|  0%| F|  |TAMS 0x0000000088900000, 0x0000000088900000| Untracked 
| 138|0x0000000088a00000, 0x0000000088a00000, 0x0000000088b00000|  0%| F|  |TAMS 0x0000000088a00000, 0x0000000088a00000| Untracked 
| 139|0x0000000088b00000, 0x0000000088b00000, 0x0000000088c00000|  0%| F|  |TAMS 0x0000000088b00000, 0x0000000088b00000| Untracked 
| 140|0x0000000088c00000, 0x0000000088c00000, 0x0000000088d00000|  0%| F|  |TAMS 0x0000000088c00000, 0x0000000088c00000| Untracked 
| 141|0x0000000088d00000, 0x0000000088d00000, 0x0000000088e00000|  0%| F|  |TAMS 0x0000000088d00000, 0x0000000088d00000| Untracked 
| 142|0x0000000088e00000, 0x0000000088e00000, 0x0000000088f00000|  0%| F|  |TAMS 0x0000000088e00000, 0x0000000088e00000| Untracked 
| 143|0x0000000088f00000, 0x0000000088f00000, 0x0000000089000000|  0%| F|  |TAMS 0x0000000088f00000, 0x0000000088f00000| Untracked 
| 144|0x0000000089000000, 0x0000000089000000, 0x0000000089100000|  0%| F|  |TAMS 0x0000000089000000, 0x0000000089000000| Untracked 
| 145|0x0000000089100000, 0x0000000089100000, 0x0000000089200000|  0%| F|  |TAMS 0x0000000089100000, 0x0000000089100000| Untracked 
| 146|0x0000000089200000, 0x0000000089200000, 0x0000000089300000|  0%| F|  |TAMS 0x0000000089200000, 0x0000000089200000| Untracked 
| 147|0x0000000089300000, 0x0000000089300000, 0x0000000089400000|  0%| F|  |TAMS 0x0000000089300000, 0x0000000089300000| Untracked 
| 148|0x0000000089400000, 0x0000000089400000, 0x0000000089500000|  0%| F|  |TAMS 0x0000000089400000, 0x0000000089400000| Untracked 
| 149|0x0000000089500000, 0x0000000089500000, 0x0000000089600000|  0%| F|  |TAMS 0x0000000089500000, 0x0000000089500000| Untracked 
| 150|0x0000000089600000, 0x0000000089600000, 0x0000000089700000|  0%| F|  |TAMS 0x0000000089600000, 0x0000000089600000| Untracked 
| 151|0x0000000089700000, 0x0000000089700000, 0x0000000089800000|  0%| F|  |TAMS 0x0000000089700000, 0x0000000089700000| Untracked 
| 152|0x0000000089800000, 0x0000000089800000, 0x0000000089900000|  0%| F|  |TAMS 0x0000000089800000, 0x0000000089800000| Untracked 
| 153|0x0000000089900000, 0x0000000089900000, 0x0000000089a00000|  0%| F|  |TAMS 0x0000000089900000, 0x0000000089900000| Untracked 
| 154|0x0000000089a00000, 0x0000000089a00000, 0x0000000089b00000|  0%| F|  |TAMS 0x0000000089a00000, 0x0000000089a00000| Untracked 
| 155|0x0000000089b00000, 0x0000000089b00000, 0x0000000089c00000|  0%| F|  |TAMS 0x0000000089b00000, 0x0000000089b00000| Untracked 
| 156|0x0000000089c00000, 0x0000000089c00000, 0x0000000089d00000|  0%| F|  |TAMS 0x0000000089c00000, 0x0000000089c00000| Untracked 
| 157|0x0000000089d00000, 0x0000000089d00000, 0x0000000089e00000|  0%| F|  |TAMS 0x0000000089d00000, 0x0000000089d00000| Untracked 
| 158|0x0000000089e00000, 0x0000000089e00000, 0x0000000089f00000|  0%| F|  |TAMS 0x0000000089e00000, 0x0000000089e00000| Untracked 
| 159|0x0000000089f00000, 0x0000000089f00000, 0x000000008a000000|  0%| F|  |TAMS 0x0000000089f00000, 0x0000000089f00000| Untracked 
| 160|0x000000008a000000, 0x000000008a000000, 0x000000008a100000|  0%| F|  |TAMS 0x000000008a000000, 0x000000008a000000| Untracked 
| 161|0x000000008a100000, 0x000000008a100000, 0x000000008a200000|  0%| F|  |TAMS 0x000000008a100000, 0x000000008a100000| Untracked 
| 162|0x000000008a200000, 0x000000008a200000, 0x000000008a300000|  0%| F|  |TAMS 0x000000008a200000, 0x000000008a200000| Untracked 
| 163|0x000000008a300000, 0x000000008a300000, 0x000000008a400000|  0%| F|  |TAMS 0x000000008a300000, 0x000000008a300000| Untracked 
| 164|0x000000008a400000, 0x000000008a400000, 0x000000008a500000|  0%| F|  |TAMS 0x000000008a400000, 0x000000008a400000| Untracked 
| 165|0x000000008a500000, 0x000000008a500000, 0x000000008a600000|  0%| F|  |TAMS 0x000000008a500000, 0x000000008a500000| Untracked 
| 166|0x000000008a600000, 0x000000008a600000, 0x000000008a700000|  0%| F|  |TAMS 0x000000008a600000, 0x000000008a600000| Untracked 
| 167|0x000000008a700000, 0x000000008a700000, 0x000000008a800000|  0%| F|  |TAMS 0x000000008a700000, 0x000000008a700000| Untracked 
| 168|0x000000008a800000, 0x000000008a800000, 0x000000008a900000|  0%| F|  |TAMS 0x000000008a800000, 0x000000008a800000| Untracked 
| 169|0x000000008a900000, 0x000000008a9ca040, 0x000000008aa00000| 78%| S|CS|TAMS 0x000000008a900000, 0x000000008a900000| Complete 
| 170|0x000000008aa00000, 0x000000008ab00000, 0x000000008ab00000|100%| S|CS|TAMS 0x000000008aa00000, 0x000000008aa00000| Complete 
| 171|0x000000008ab00000, 0x000000008ac00000, 0x000000008ac00000|100%| S|CS|TAMS 0x000000008ab00000, 0x000000008ab00000| Complete 
| 172|0x000000008ac00000, 0x000000008ad00000, 0x000000008ad00000|100%| S|CS|TAMS 0x000000008ac00000, 0x000000008ac00000| Complete 
| 173|0x000000008ad00000, 0x000000008ae00000, 0x000000008ae00000|100%| S|CS|TAMS 0x000000008ad00000, 0x000000008ad00000| Complete 
| 174|0x000000008ae00000, 0x000000008ae00000, 0x000000008af00000|  0%| F|  |TAMS 0x000000008ae00000, 0x000000008ae00000| Untracked 
| 175|0x000000008af00000, 0x000000008af00000, 0x000000008b000000|  0%| F|  |TAMS 0x000000008af00000, 0x000000008af00000| Untracked 
| 176|0x000000008b000000, 0x000000008b000000, 0x000000008b100000|  0%| F|  |TAMS 0x000000008b000000, 0x000000008b000000| Untracked 
| 177|0x000000008b100000, 0x000000008b100000, 0x000000008b200000|  0%| F|  |TAMS 0x000000008b100000, 0x000000008b100000| Untracked 
| 178|0x000000008b200000, 0x000000008b200000, 0x000000008b300000|  0%| F|  |TAMS 0x000000008b200000, 0x000000008b200000| Untracked 
| 179|0x000000008b300000, 0x000000008b300000, 0x000000008b400000|  0%| F|  |TAMS 0x000000008b300000, 0x000000008b300000| Untracked 
| 180|0x000000008b400000, 0x000000008b400000, 0x000000008b500000|  0%| F|  |TAMS 0x000000008b400000, 0x000000008b400000| Untracked 
| 181|0x000000008b500000, 0x000000008b500000, 0x000000008b600000|  0%| F|  |TAMS 0x000000008b500000, 0x000000008b500000| Untracked 
| 182|0x000000008b600000, 0x000000008b600000, 0x000000008b700000|  0%| F|  |TAMS 0x000000008b600000, 0x000000008b600000| Untracked 
| 183|0x000000008b700000, 0x000000008b700000, 0x000000008b800000|  0%| F|  |TAMS 0x000000008b700000, 0x000000008b700000| Untracked 
| 184|0x000000008b800000, 0x000000008b800000, 0x000000008b900000|  0%| F|  |TAMS 0x000000008b800000, 0x000000008b800000| Untracked 
| 185|0x000000008b900000, 0x000000008b900000, 0x000000008ba00000|  0%| F|  |TAMS 0x000000008b900000, 0x000000008b900000| Untracked 
| 186|0x000000008ba00000, 0x000000008ba00000, 0x000000008bb00000|  0%| F|  |TAMS 0x000000008ba00000, 0x000000008ba00000| Untracked 
| 187|0x000000008bb00000, 0x000000008bb00000, 0x000000008bc00000|  0%| F|  |TAMS 0x000000008bb00000, 0x000000008bb00000| Untracked 
| 188|0x000000008bc00000, 0x000000008bc00000, 0x000000008bd00000|  0%| F|  |TAMS 0x000000008bc00000, 0x000000008bc00000| Untracked 
| 189|0x000000008bd00000, 0x000000008bd00000, 0x000000008be00000|  0%| F|  |TAMS 0x000000008bd00000, 0x000000008bd00000| Untracked 
| 190|0x000000008be00000, 0x000000008be00000, 0x000000008bf00000|  0%| F|  |TAMS 0x000000008be00000, 0x000000008be00000| Untracked 
| 191|0x000000008bf00000, 0x000000008bf00000, 0x000000008c000000|  0%| F|  |TAMS 0x000000008bf00000, 0x000000008bf00000| Untracked 
| 192|0x000000008c000000, 0x000000008c000000, 0x000000008c100000|  0%| F|  |TAMS 0x000000008c000000, 0x000000008c000000| Untracked 
| 193|0x000000008c100000, 0x000000008c100000, 0x000000008c200000|  0%| F|  |TAMS 0x000000008c100000, 0x000000008c100000| Untracked 
| 194|0x000000008c200000, 0x000000008c200000, 0x000000008c300000|  0%| F|  |TAMS 0x000000008c200000, 0x000000008c200000| Untracked 
| 195|0x000000008c300000, 0x000000008c300000, 0x000000008c400000|  0%| F|  |TAMS 0x000000008c300000, 0x000000008c300000| Untracked 
| 196|0x000000008c400000, 0x000000008c400000, 0x000000008c500000|  0%| F|  |TAMS 0x000000008c400000, 0x000000008c400000| Untracked 
| 197|0x000000008c500000, 0x000000008c500000, 0x000000008c600000|  0%| F|  |TAMS 0x000000008c500000, 0x000000008c500000| Untracked 
| 198|0x000000008c600000, 0x000000008c600000, 0x000000008c700000|  0%| F|  |TAMS 0x000000008c600000, 0x000000008c600000| Untracked 
| 199|0x000000008c700000, 0x000000008c700000, 0x000000008c800000|  0%| F|  |TAMS 0x000000008c700000, 0x000000008c700000| Untracked 
| 200|0x000000008c800000, 0x000000008c800000, 0x000000008c900000|  0%| F|  |TAMS 0x000000008c800000, 0x000000008c800000| Untracked 
| 201|0x000000008c900000, 0x000000008c900000, 0x000000008ca00000|  0%| F|  |TAMS 0x000000008c900000, 0x000000008c900000| Untracked 
| 202|0x000000008ca00000, 0x000000008cb00000, 0x000000008cb00000|100%| E|CS|TAMS 0x000000008ca00000, 0x000000008ca00000| Complete 
| 203|0x000000008cb00000, 0x000000008cc00000, 0x000000008cc00000|100%| E|CS|TAMS 0x000000008cb00000, 0x000000008cb00000| Complete 
| 204|0x000000008cc00000, 0x000000008cd00000, 0x000000008cd00000|100%| E|CS|TAMS 0x000000008cc00000, 0x000000008cc00000| Complete 
| 205|0x000000008cd00000, 0x000000008ce00000, 0x000000008ce00000|100%| E|CS|TAMS 0x000000008cd00000, 0x000000008cd00000| Complete 
| 206|0x000000008ce00000, 0x000000008cf00000, 0x000000008cf00000|100%| E|CS|TAMS 0x000000008ce00000, 0x000000008ce00000| Complete 
| 207|0x000000008cf00000, 0x000000008d000000, 0x000000008d000000|100%| E|CS|TAMS 0x000000008cf00000, 0x000000008cf00000| Complete 
| 208|0x000000008d000000, 0x000000008d100000, 0x000000008d100000|100%| E|CS|TAMS 0x000000008d000000, 0x000000008d000000| Complete 
| 209|0x000000008d100000, 0x000000008d200000, 0x000000008d200000|100%| E|CS|TAMS 0x000000008d100000, 0x000000008d100000| Complete 
| 210|0x000000008d200000, 0x000000008d300000, 0x000000008d300000|100%| E|CS|TAMS 0x000000008d200000, 0x000000008d200000| Complete 
| 211|0x000000008d300000, 0x000000008d400000, 0x000000008d400000|100%| E|CS|TAMS 0x000000008d300000, 0x000000008d300000| Complete 
| 212|0x000000008d400000, 0x000000008d500000, 0x000000008d500000|100%| E|CS|TAMS 0x000000008d400000, 0x000000008d400000| Complete 
| 213|0x000000008d500000, 0x000000008d600000, 0x000000008d600000|100%| E|CS|TAMS 0x000000008d500000, 0x000000008d500000| Complete 
| 214|0x000000008d600000, 0x000000008d700000, 0x000000008d700000|100%| E|CS|TAMS 0x000000008d600000, 0x000000008d600000| Complete 
| 215|0x000000008d700000, 0x000000008d800000, 0x000000008d800000|100%| E|CS|TAMS 0x000000008d700000, 0x000000008d700000| Complete 
| 216|0x000000008d800000, 0x000000008d900000, 0x000000008d900000|100%| E|CS|TAMS 0x000000008d800000, 0x000000008d800000| Complete 
| 217|0x000000008d900000, 0x000000008da00000, 0x000000008da00000|100%| E|CS|TAMS 0x000000008d900000, 0x000000008d900000| Complete 
| 218|0x000000008da00000, 0x000000008db00000, 0x000000008db00000|100%| E|CS|TAMS 0x000000008da00000, 0x000000008da00000| Complete 
| 219|0x000000008db00000, 0x000000008dc00000, 0x000000008dc00000|100%| E|CS|TAMS 0x000000008db00000, 0x000000008db00000| Complete 
| 220|0x000000008dc00000, 0x000000008dd00000, 0x000000008dd00000|100%| E|CS|TAMS 0x000000008dc00000, 0x000000008dc00000| Complete 
| 221|0x000000008dd00000, 0x000000008de00000, 0x000000008de00000|100%| E|CS|TAMS 0x000000008dd00000, 0x000000008dd00000| Complete 
| 222|0x000000008de00000, 0x000000008df00000, 0x000000008df00000|100%| E|CS|TAMS 0x000000008de00000, 0x000000008de00000| Complete 
| 223|0x000000008df00000, 0x000000008e000000, 0x000000008e000000|100%| E|CS|TAMS 0x000000008df00000, 0x000000008df00000| Complete 
| 224|0x000000008e000000, 0x000000008e100000, 0x000000008e100000|100%| E|CS|TAMS 0x000000008e000000, 0x000000008e000000| Complete 
| 225|0x000000008e100000, 0x000000008e200000, 0x000000008e200000|100%| E|CS|TAMS 0x000000008e100000, 0x000000008e100000| Complete 
| 251|0x000000008fb00000, 0x000000008fc00000, 0x000000008fc00000|100%| E|CS|TAMS 0x000000008fb00000, 0x000000008fb00000| Complete 

Card table byte_map: [0x000002915b2e0000,0x000002915b6e0000] _byte_map_base: 0x000002915aee0000

Marking Bits (Prev, Next): (CMBitMap*) 0x0000029148738850, (CMBitMap*) 0x0000029148738810
 Prev Bits: [0x000002915dae0000, 0x000002915fae0000)
 Next Bits: [0x000002915bae0000, 0x000002915dae0000)

Polling page: 0x00000291465e0000

Metaspace:

Usage:
  Non-class:     62.59 MB used.
      Class:      9.58 MB used.
       Both:     72.16 MB used.

Virtual space:
  Non-class space:       64.00 MB reserved,      62.94 MB ( 98%) committed,  8 nodes.
      Class space:        1.00 GB reserved,       9.88 MB ( <1%) committed,  1 nodes.
             Both:        1.06 GB reserved,      72.81 MB (  7%) committed. 

Chunk freelists:
   Non-Class:  336.00 KB
       Class:  2.05 MB
        Both:  2.38 MB

MaxMetaspaceSize: unlimited
CompressedClassSpaceSize: 1.00 GB
Initial GC threshold: 21.00 MB
Current GC threshold: 114.00 MB
CDS: off
MetaspaceReclaimPolicy: balanced
 - commit_granule_bytes: 65536.
 - commit_granule_words: 8192.
 - virtual_space_node_default_size: 1048576.
 - enlarge_chunks_in_place: 1.
 - new_chunks_are_fully_committed: 0.
 - uncommit_free_chunks: 1.
 - use_allocation_guard: 0.
 - handle_deallocations: 1.


Internal statistics:

num_allocs_failed_limit: 3.
num_arena_births: 722.
num_arena_deaths: 0.
num_vsnodes_births: 9.
num_vsnodes_deaths: 0.
num_space_committed: 1165.
num_space_uncommitted: 0.
num_chunks_returned_to_freelist: 3.
num_chunks_taken_from_freelist: 3283.
num_chunk_merges: 3.
num_chunk_splits: 2185.
num_chunks_enlarged: 1468.
num_purges: 0.
num_inconsistent_stats: 0.

CodeHeap 'non-profiled nmethods': size=120000Kb used=4346Kb max_used=4346Kb free=115653Kb
 bounds [0x0000029153680000, 0x0000029153ac0000, 0x000002915abb0000]
CodeHeap 'profiled nmethods': size=120000Kb used=13587Kb max_used=13587Kb free=106412Kb
 bounds [0x000002914bbb0000, 0x000002914c900000, 0x00000291530e0000]
CodeHeap 'non-nmethods': size=5760Kb used=2374Kb max_used=2434Kb free=3385Kb
 bounds [0x00000291530e0000, 0x0000029153350000, 0x0000029153680000]
 total_blobs=7800 nmethods=6907 adapters=805
 compilation: enabled
              stopped_count=0, restarted_count=0
 full_count=0

Compilation events (20 events):
Event: 8.245 Thread 0x000002916307dcf0 7595       3       java.util.LinkedList::listIterator (15 bytes)
Event: 8.245 Thread 0x000002916307dcf0 nmethod 7595 0x000002914c8ddb10 code [0x000002914c8ddd00, 0x000002914c8de168]
Event: 8.246 Thread 0x000002916307dcf0 7596       1       groovy.lang.Closure::getResolveStrategy (5 bytes)
Event: 8.247 Thread 0x000002916307dcf0 nmethod 7596 0x0000029153ab5090 code [0x0000029153ab5220, 0x0000029153ab52f8]
Event: 8.247 Thread 0x000002916307dcf0 7597       3       groovy.lang.MetaClassImpl$1::skipClass (17 bytes)
Event: 8.247 Thread 0x000002916307dcf0 nmethod 7597 0x000002914c8de310 code [0x000002914c8de4a0, 0x000002914c8de618]
Event: 8.247 Thread 0x000002916307dcf0 7598       1       java.beans.GenericBeanInfo::getMethodDescriptors (5 bytes)
Event: 8.248 Thread 0x000002916307dcf0 nmethod 7598 0x0000029153ab5390 code [0x0000029153ab5520, 0x0000029153ab55f8]
Event: 8.248 Thread 0x000002916307dcf0 7599       1       java.beans.GenericBeanInfo::getDefaultEventIndex (5 bytes)
Event: 8.248 Thread 0x000002916307dcf0 nmethod 7599 0x0000029153ab5690 code [0x0000029153ab5820, 0x0000029153ab58f8]
Event: 8.248 Thread 0x000002916307dcf0 7600       1       java.beans.GenericBeanInfo::getDefaultPropertyIndex (5 bytes)
Event: 8.248 Thread 0x000002916307dcf0 nmethod 7600 0x0000029153ab5990 code [0x0000029153ab5b20, 0x0000029153ab5bf8]
Event: 8.249 Thread 0x000002916307dcf0 7601       3       org.codehaus.groovy.runtime.MetaClassHelper::getMaximumInterfaceDistance (101 bytes)
Event: 8.250 Thread 0x000002916307dcf0 nmethod 7601 0x000002914c8de710 code [0x000002914c8de920, 0x000002914c8deed8]
Event: 8.253 Thread 0x000002916307dcf0 7603       3       groovy.lang.MetaClassImpl::chooseMethodInternal (269 bytes)
Event: 8.254 Thread 0x000002916307dcf0 nmethod 7603 0x000002914c8df190 code [0x000002914c8df560, 0x000002914c8e15b8]
Event: 8.254 Thread 0x000002916307dcf0 7602       3       groovy.lang.MetaClassImpl::chooseMethod (29 bytes)
Event: 8.254 Thread 0x000002916307dcf0 nmethod 7602 0x000002914c8e2010 code [0x000002914c8e21e0, 0x000002914c8e2578]
Event: 8.261 Thread 0x000002916307dcf0 7605       3       com.sun.beans.introspect.MethodInfo::isThrow (42 bytes)
Event: 8.262 Thread 0x000002916307dcf0 nmethod 7605 0x000002914c8e2690 code [0x000002914c8e2860, 0x000002914c8e2ca8]

GC Heap History (20 events):
Event: 5.483 GC heap before
{Heap before GC invocations=23 (full 0):
 garbage-first heap   total 158720K, used 101718K [0x0000000080000000, 0x0000000100000000)
  region size 1024K, 14 young (14336K), 3 survivors (3072K)
 Metaspace       used 50755K, committed 51200K, reserved 1097728K
  class space    used 6716K, committed 6912K, reserved 1048576K
}
Event: 5.487 GC heap after
{Heap after GC invocations=24 (full 0):
 garbage-first heap   total 158720K, used 92634K [0x0000000080000000, 0x0000000100000000)
  region size 1024K, 2 young (2048K), 2 survivors (2048K)
 Metaspace       used 50755K, committed 51200K, reserved 1097728K
  class space    used 6716K, committed 6912K, reserved 1048576K
}
Event: 5.993 GC heap before
{Heap before GC invocations=25 (full 0):
 garbage-first heap   total 174080K, used 127450K [0x0000000080000000, 0x0000000100000000)
  region size 1024K, 29 young (29696K), 2 survivors (2048K)
 Metaspace       used 53855K, committed 54400K, reserved 1097728K
  class space    used 7220K, committed 7488K, reserved 1048576K
}
Event: 5.995 GC heap after
{Heap after GC invocations=26 (full 0):
 garbage-first heap   total 174080K, used 101436K [0x0000000080000000, 0x0000000100000000)
  region size 1024K, 3 young (3072K), 3 survivors (3072K)
 Metaspace       used 53855K, committed 54400K, reserved 1097728K
  class space    used 7220K, committed 7488K, reserved 1048576K
}
Event: 6.373 GC heap before
{Heap before GC invocations=26 (full 0):
 garbage-first heap   total 174080K, used 130108K [0x0000000080000000, 0x0000000100000000)
  region size 1024K, 33 young (33792K), 3 survivors (3072K)
 Metaspace       used 54784K, committed 55360K, reserved 1097728K
  class space    used 7293K, committed 7552K, reserved 1048576K
}
Event: 6.377 GC heap after
{Heap after GC invocations=27 (full 0):
 garbage-first heap   total 174080K, used 103381K [0x0000000080000000, 0x0000000100000000)
  region size 1024K, 4 young (4096K), 4 survivors (4096K)
 Metaspace       used 54784K, committed 55360K, reserved 1097728K
  class space    used 7293K, committed 7552K, reserved 1048576K
}
Event: 6.425 GC heap before
{Heap before GC invocations=28 (full 0):
 garbage-first heap   total 183296K, used 110549K [0x0000000080000000, 0x0000000100000000)
  region size 1024K, 9 young (9216K), 4 survivors (4096K)
 Metaspace       used 54863K, committed 55424K, reserved 1097728K
  class space    used 7302K, committed 7552K, reserved 1048576K
}
Event: 6.429 GC heap after
{Heap after GC invocations=29 (full 0):
 garbage-first heap   total 183296K, used 110556K [0x0000000080000000, 0x0000000100000000)
  region size 1024K, 5 young (5120K), 5 survivors (5120K)
 Metaspace       used 54863K, committed 55424K, reserved 1097728K
  class space    used 7302K, committed 7552K, reserved 1048576K
}
Event: 6.630 GC heap before
{Heap before GC invocations=30 (full 0):
 garbage-first heap   total 196608K, used 139228K [0x0000000080000000, 0x0000000100000000)
  region size 1024K, 29 young (29696K), 5 survivors (5120K)
 Metaspace       used 57517K, committed 58112K, reserved 1105920K
  class space    used 7684K, committed 7936K, reserved 1048576K
}
Event: 6.633 GC heap after
{Heap after GC invocations=31 (full 0):
 garbage-first heap   total 196608K, used 118693K [0x0000000080000000, 0x0000000100000000)
  region size 1024K, 4 young (4096K), 4 survivors (4096K)
 Metaspace       used 57517K, committed 58112K, reserved 1105920K
  class space    used 7684K, committed 7936K, reserved 1048576K
}
Event: 6.921 GC heap before
{Heap before GC invocations=31 (full 0):
 garbage-first heap   total 196608K, used 146341K [0x0000000080000000, 0x0000000100000000)
  region size 1024K, 31 young (31744K), 4 survivors (4096K)
 Metaspace       used 61548K, committed 62080K, reserved 1105920K
  class space    used 8213K, committed 8448K, reserved 1048576K
}
Event: 6.923 GC heap after
{Heap after GC invocations=32 (full 0):
 garbage-first heap   total 196608K, used 119451K [0x0000000080000000, 0x0000000100000000)
  region size 1024K, 1 young (1024K), 1 survivors (1024K)
 Metaspace       used 61548K, committed 62080K, reserved 1105920K
  class space    used 8213K, committed 8448K, reserved 1048576K
}
Event: 7.178 GC heap before
{Heap before GC invocations=33 (full 0):
 garbage-first heap   total 203776K, used 133787K [0x0000000080000000, 0x0000000100000000)
  region size 1024K, 16 young (16384K), 1 survivors (1024K)
 Metaspace       used 65004K, committed 65664K, reserved 1105920K
  class space    used 8658K, committed 8960K, reserved 1048576K
}
Event: 7.181 GC heap after
{Heap after GC invocations=34 (full 0):
 garbage-first heap   total 203776K, used 121468K [0x0000000080000000, 0x0000000100000000)
  region size 1024K, 3 young (3072K), 3 survivors (3072K)
 Metaspace       used 65004K, committed 65664K, reserved 1105920K
  class space    used 8658K, committed 8960K, reserved 1048576K
}
Event: 7.488 GC heap before
{Heap before GC invocations=35 (full 0):
 garbage-first heap   total 232448K, used 161404K [0x0000000080000000, 0x0000000100000000)
  region size 1024K, 36 young (36864K), 3 survivors (3072K)
 Metaspace       used 67440K, committed 68096K, reserved 1114112K
  class space    used 8970K, committed 9280K, reserved 1048576K
}
Event: 7.492 GC heap after
{Heap after GC invocations=36 (full 0):
 garbage-first heap   total 232448K, used 124520K [0x0000000080000000, 0x0000000100000000)
  region size 1024K, 5 young (5120K), 5 survivors (5120K)
 Metaspace       used 67440K, committed 68096K, reserved 1114112K
  class space    used 8970K, committed 9280K, reserved 1048576K
}
Event: 7.674 GC heap before
{Heap before GC invocations=36 (full 0):
 garbage-first heap   total 232448K, used 143976K [0x0000000080000000, 0x0000000100000000)
  region size 1024K, 25 young (25600K), 5 survivors (5120K)
 Metaspace       used 69181K, committed 69824K, reserved 1114112K
  class space    used 9174K, committed 9472K, reserved 1048576K
}
Event: 7.677 GC heap after
{Heap after GC invocations=37 (full 0):
 garbage-first heap   total 232448K, used 126482K [0x0000000080000000, 0x0000000100000000)
  region size 1024K, 6 young (6144K), 6 survivors (6144K)
 Metaspace       used 69181K, committed 69824K, reserved 1114112K
  class space    used 9174K, committed 9472K, reserved 1048576K
}
Event: 8.147 GC heap before
{Heap before GC invocations=38 (full 0):
 garbage-first heap   total 232448K, used 175634K [0x0000000080000000, 0x0000000100000000)
  region size 1024K, 53 young (54272K), 6 survivors (6144K)
 Metaspace       used 73084K, committed 73728K, reserved 1114112K
  class space    used 9704K, committed 9984K, reserved 1048576K
}
Event: 8.151 GC heap after
{Heap after GC invocations=39 (full 0):
 garbage-first heap   total 232448K, used 129354K [0x0000000080000000, 0x0000000100000000)
  region size 1024K, 5 young (5120K), 5 survivors (5120K)
 Metaspace       used 73084K, committed 73728K, reserved 1114112K
  class space    used 9704K, committed 9984K, reserved 1048576K
}

Dll operation events (2 events):
Event: 0.015 Loaded shared library C:\Program Files\Android\Android Studio\jbr\bin\java.dll
Event: 0.708 Loaded shared library C:\Program Files\Android\Android Studio\jbr\bin\verify.dll

Deoptimization events (20 events):
Event: 8.166 Thread 0x0000029163d342a0 Uncommon trap: trap_request=0xfffffff4 fr.pc=0x0000029153a3b98c relative=0x00000000000009ec
Event: 8.166 Thread 0x0000029163d342a0 Uncommon trap: reason=null_check action=make_not_entrant pc=0x0000029153a3b98c method=com.sun.beans.introspect.MethodInfo$MethodOrder.compare(Ljava/lang/reflect/Method;Ljava/lang/reflect/Method;)I @ 133 c2
Event: 8.166 Thread 0x0000029163d342a0 DEOPT PACKING pc=0x0000029153a3b98c sp=0x000000dc262f45f0
Event: 8.166 Thread 0x0000029163d342a0 DEOPT UNPACKING pc=0x000002915313a1a3 sp=0x000000dc262f4520 mode 2
Event: 8.195 Thread 0x0000029163d342a0 Uncommon trap: trap_request=0xffffff45 fr.pc=0x0000029153815a6c relative=0x000000000000146c
Event: 8.195 Thread 0x0000029163d342a0 Uncommon trap: reason=unstable_if action=reinterpret pc=0x0000029153815a6c method=java.util.WeakHashMap.matchesKey(Ljava/util/WeakHashMap$Entry;Ljava/lang/Object;)Z @ 5 c2
Event: 8.195 Thread 0x0000029163d342a0 DEOPT PACKING pc=0x0000029153815a6c sp=0x000000dc262f4670
Event: 8.195 Thread 0x0000029163d342a0 DEOPT UNPACKING pc=0x000002915313a1a3 sp=0x000000dc262f45f8 mode 2
Event: 8.203 Thread 0x0000029163d342a0 Uncommon trap: trap_request=0xfffffff4 fr.pc=0x0000029153ab0640 relative=0x0000000000002fa0
Event: 8.203 Thread 0x0000029163d342a0 Uncommon trap: reason=null_check action=make_not_entrant pc=0x0000029153ab0640 method=java.lang.PublicMethods$MethodList.getMostSpecific()Ljava/lang/reflect/Method; @ 41 c2
Event: 8.203 Thread 0x0000029163d342a0 DEOPT PACKING pc=0x0000029153ab0640 sp=0x000000dc262f2900
Event: 8.203 Thread 0x0000029163d342a0 DEOPT UNPACKING pc=0x000002915313a1a3 sp=0x000000dc262f27e0 mode 2
Event: 8.237 Thread 0x0000029163d342a0 Uncommon trap: trap_request=0xfffffff4 fr.pc=0x0000029153aaca18 relative=0x00000000000009f8
Event: 8.237 Thread 0x0000029163d342a0 Uncommon trap: reason=null_check action=make_not_entrant pc=0x0000029153aaca18 method=com.sun.beans.introspect.MethodInfo$MethodOrder.compare(Ljava/lang/reflect/Method;Ljava/lang/reflect/Method;)I @ 145 c2
Event: 8.237 Thread 0x0000029163d342a0 DEOPT PACKING pc=0x0000029153aaca18 sp=0x000000dc262f3200
Event: 8.237 Thread 0x0000029163d342a0 DEOPT UNPACKING pc=0x000002915313a1a3 sp=0x000000dc262f3130 mode 2
Event: 8.237 Thread 0x0000029163d342a0 Uncommon trap: trap_request=0xfffffff4 fr.pc=0x0000029153ab423c relative=0x00000000000009bc
Event: 8.237 Thread 0x0000029163d342a0 Uncommon trap: reason=null_check action=make_not_entrant pc=0x0000029153ab423c method=com.sun.beans.introspect.MethodInfo$MethodOrder.compare(Ljava/lang/reflect/Method;Ljava/lang/reflect/Method;)I @ 145 c2
Event: 8.237 Thread 0x0000029163d342a0 DEOPT PACKING pc=0x0000029153ab423c sp=0x000000dc262f3170
Event: 8.237 Thread 0x0000029163d342a0 DEOPT UNPACKING pc=0x000002915313a1a3 sp=0x000000dc262f3128 mode 2

Classes unloaded (0 events):
No events

Classes redefined (0 events):
No events

Internal exceptions (20 events):
Event: 8.236 Thread 0x0000029163d342a0 Exception <a 'java/lang/ClassNotFoundException'{0x000000008d373be0}: com/android/build/gradle/internal/dsl/BuildTypeBeanInfo> (0x000000008d373be0) 
thrown [s\src\hotspot\share\classfile\systemDictionary.cpp, line 256]
Event: 8.237 Thread 0x0000029163d342a0 Exception <a 'java/lang/ClassNotFoundException'{0x000000008d381c08}: com/android/builder/core/AbstractBuildTypeBeanInfo> (0x000000008d381c08) 
thrown [s\src\hotspot\share\classfile\systemDictionary.cpp, line 256]
Event: 8.237 Thread 0x0000029163d342a0 Exception <a 'java/lang/ClassNotFoundException'{0x000000008d38f408}: com/android/builder/core/AbstractBuildTypeCustomizer> (0x000000008d38f408) 
thrown [s\src\hotspot\share\classfile\systemDictionary.cpp, line 256]
Event: 8.238 Thread 0x0000029163d342a0 Exception <a 'java/lang/ClassNotFoundException'{0x000000008d3b93b0}: com/android/build/gradle/internal/dsl/BuildTypeCustomizer> (0x000000008d3b93b0) 
thrown [s\src\hotspot\share\classfile\systemDictionary.cpp, line 256]
Event: 8.240 Thread 0x0000029163d342a0 Exception <a 'java/lang/ClassNotFoundException'{0x000000008d241d48}: com/android/build/gradle/internal/dsl/BuildType$AgpDecoratedCustomizer> (0x000000008d241d48) 
thrown [s\src\hotspot\share\classfile\systemDictionary.cpp, line 256]
Event: 8.242 Thread 0x0000029163d342a0 Exception <a 'java/lang/ClassNotFoundException'{0x000000008d2945a0}: com/android/build/gradle/internal/dsl/BuildType$AgpDecorated_DecoratedCustomizer> (0x000000008d2945a0) 
thrown [s\src\hotspot\share\classfile\systemDictionary.cpp, line 256]
Event: 8.245 Thread 0x0000029163d342a0 Exception <a 'java/lang/ClassNotFoundException'{0x000000008d1713e8}: build_3ff0gevbztj59r6nym6drr8vb$_run_closure1$_closure4BeanInfo> (0x000000008d1713e8) 
thrown [s\src\hotspot\share\classfile\systemDictionary.cpp, line 256]
Event: 8.246 Thread 0x0000029163d342a0 Exception <a 'java/lang/ClassNotFoundException'{0x000000008d17c110}: build_3ff0gevbztj59r6nym6drr8vb$_run_closure1$_closure4Customizer> (0x000000008d17c110) 
thrown [s\src\hotspot\share\classfile\systemDictionary.cpp, line 256]
Event: 8.247 Thread 0x0000029163d342a0 Exception <a 'java/lang/ClassNotFoundException'{0x000000008d19ff98}: build_3ff0gevbztj59r6nym6drr8vb$_run_closure1BeanInfo> (0x000000008d19ff98) 
thrown [s\src\hotspot\share\classfile\systemDictionary.cpp, line 256]
Event: 8.247 Thread 0x0000029163d342a0 Exception <a 'java/lang/ClassNotFoundException'{0x000000008d1aabf8}: build_3ff0gevbztj59r6nym6drr8vb$_run_closure1Customizer> (0x000000008d1aabf8) 
thrown [s\src\hotspot\share\classfile\systemDictionary.cpp, line 256]
Event: 8.251 Thread 0x0000029163d342a0 Exception <a 'java/lang/ClassNotFoundException'{0x000000008d1e6ad0}: org/gradle/api/JavaVersionBeanInfo> (0x000000008d1e6ad0) 
thrown [s\src\hotspot\share\classfile\systemDictionary.cpp, line 256]
Event: 8.252 Thread 0x0000029163d342a0 Exception <a 'java/lang/ClassNotFoundException'{0x000000008d1fc138}: org/gradle/api/JavaVersionCustomizer> (0x000000008d1fc138) 
thrown [s\src\hotspot\share\classfile\systemDictionary.cpp, line 256]
Event: 8.255 Thread 0x0000029163d342a0 Exception <a 'java/lang/ClassNotFoundException'{0x000000008d04c068}: com/android/build/gradle/internal/CompileOptions$AgpDecorated_DecoratedBeanInfo> (0x000000008d04c068) 
thrown [s\src\hotspot\share\classfile\systemDictionary.cpp, line 256]
Event: 8.255 Thread 0x0000029163d342a0 Exception <a 'java/lang/ClassNotFoundException'{0x000000008d0586d8}: com/android/build/gradle/internal/CompileOptions$AgpDecoratedBeanInfo> (0x000000008d0586d8) 
thrown [s\src\hotspot\share\classfile\systemDictionary.cpp, line 256]
Event: 8.255 Thread 0x0000029163d342a0 Exception <a 'java/lang/ClassNotFoundException'{0x000000008d0653d8}: com/android/build/gradle/internal/CompileOptionsBeanInfo> (0x000000008d0653d8) 
thrown [s\src\hotspot\share\classfile\systemDictionary.cpp, line 256]
Event: 8.256 Thread 0x0000029163d342a0 Exception <a 'java/lang/ClassNotFoundException'{0x000000008d071b90}: com/android/build/gradle/internal/CompileOptionsCustomizer> (0x000000008d071b90) 
thrown [s\src\hotspot\share\classfile\systemDictionary.cpp, line 256]
Event: 8.256 Thread 0x0000029163d342a0 Exception <a 'java/lang/ClassNotFoundException'{0x000000008d08aa48}: com/android/build/gradle/internal/CompileOptions$AgpDecoratedCustomizer> (0x000000008d08aa48) 
thrown [s\src\hotspot\share\classfile\systemDictionary.cpp, line 256]
Event: 8.257 Thread 0x0000029163d342a0 Exception <a 'java/lang/ClassNotFoundException'{0x000000008d0a63b0}: com/android/build/gradle/internal/CompileOptions$AgpDecorated_DecoratedCustomizer> (0x000000008d0a63b0) 
thrown [s\src\hotspot\share\classfile\systemDictionary.cpp, line 256]
Event: 8.260 Thread 0x0000029163d342a0 Exception <a 'java/lang/ClassNotFoundException'{0x000000008cf05d48}: org/jetbrains/kotlin/gradle/plugin/AndroidProjectHandler$configureTarget$kotlinOptions$1BeanInfo> (0x000000008cf05d48) 
thrown [s\src\hotspot\share\classfile\systemDictionary.cpp, line 256]
Event: 8.261 Thread 0x0000029163d342a0 Exception <a 'java/lang/ClassNotFoundException'{0x000000008cf12780}: org/jetbrains/kotlin/gradle/plugin/AndroidProjectHandler$configureTarget$kotlinOptions$1Customizer> (0x000000008cf12780) 
thrown [s\src\hotspot\share\classfile\systemDictionary.cpp, line 256]

VM Operations (20 events):
Event: 7.221 Executing VM operation: G1Concurrent
Event: 7.224 Executing VM operation: G1Concurrent done
Event: 7.244 Executing VM operation: G1Concurrent
Event: 7.245 Executing VM operation: G1Concurrent done
Event: 7.488 Executing VM operation: G1CollectForAllocation
Event: 7.492 Executing VM operation: G1CollectForAllocation done
Event: 7.674 Executing VM operation: G1TryInitiateConcMark
Event: 7.677 Executing VM operation: G1TryInitiateConcMark done
Event: 7.717 Executing VM operation: G1Concurrent
Event: 7.720 Executing VM operation: G1Concurrent done
Event: 7.741 Executing VM operation: G1Concurrent
Event: 7.741 Executing VM operation: G1Concurrent done
Event: 7.789 Executing VM operation: HandshakeAllThreads
Event: 7.789 Executing VM operation: HandshakeAllThreads done
Event: 7.916 Executing VM operation: HandshakeAllThreads
Event: 7.917 Executing VM operation: HandshakeAllThreads done
Event: 7.917 Executing VM operation: HandshakeAllThreads
Event: 7.917 Executing VM operation: HandshakeAllThreads done
Event: 8.147 Executing VM operation: G1CollectForAllocation
Event: 8.151 Executing VM operation: G1CollectForAllocation done

Events (20 events):
Event: 7.793 loading class java/util/TreeMap$EntrySpliterator done
Event: 7.798 loading class java/util/Stack
Event: 7.798 loading class java/util/Stack done
Event: 7.806 loading class org/xml/sax/ContentHandler
Event: 7.806 loading class org/xml/sax/ContentHandler done
Event: 7.806 loading class org/xml/sax/EntityResolver
Event: 7.806 loading class org/xml/sax/EntityResolver done
Event: 7.806 loading class org/xml/sax/DTDHandler
Event: 7.806 loading class org/xml/sax/DTDHandler done
Event: 7.812 loading class java/util/Spliterators$IntArraySpliterator
Event: 7.812 loading class java/util/Spliterators$IntArraySpliterator done
Event: 7.815 loading class java/text/ParsePosition
Event: 7.815 loading class java/text/ParsePosition done
Event: 7.821 loading class java/text/CharacterIterator
Event: 7.821 loading class java/text/CharacterIterator done
Event: 7.860 loading class java/time/format/DateTimeFormatterBuilder$WeekBasedFieldPrinterParser
Event: 7.860 loading class java/time/format/DateTimeFormatterBuilder$WeekBasedFieldPrinterParser done
Event: 7.918 Thread 0x0000029163080da0 flushing nmethod 0x000002914bd89510
Event: 8.171 loading class java/beans/IntrospectionException
Event: 8.171 loading class java/beans/IntrospectionException done


Dynamic libraries:
0x00007ff76d0d0000 - 0x00007ff76d0da000 	C:\Program Files\Android\Android Studio\jbr\bin\java.exe
0x00007ffff0f10000 - 0x00007ffff1108000 	C:\Windows\SYSTEM32\ntdll.dll
0x00007fffefb30000 - 0x00007fffefbef000 	C:\Windows\System32\KERNEL32.DLL
0x00007fffee940000 - 0x00007fffeec1a000 	C:\Windows\System32\KERNELBASE.dll
0x00007fffee840000 - 0x00007fffee940000 	C:\Windows\System32\ucrtbase.dll
0x00007fffd4d10000 - 0x00007fffd4d27000 	C:\Program Files\Android\Android Studio\jbr\bin\jli.dll
0x00007fffd3e00000 - 0x00007fffd3e1b000 	C:\Program Files\Android\Android Studio\jbr\bin\VCRUNTIME140.dll
0x00007fffeef70000 - 0x00007fffef10d000 	C:\Windows\System32\USER32.dll
0x00007fffeec20000 - 0x00007fffeec42000 	C:\Windows\System32\win32u.dll
0x00007fffef8e0000 - 0x00007fffef90b000 	C:\Windows\System32\GDI32.dll
0x00007fffee690000 - 0x00007fffee7a0000 	C:\Windows\System32\gdi32full.dll
0x00007fffee7a0000 - 0x00007fffee83d000 	C:\Windows\System32\msvcp_win.dll
0x00007fffeda20000 - 0x00007fffedcba000 	C:\Windows\WinSxS\amd64_microsoft.windows.common-controls_6595b64144ccf1df_6.0.19041.1110_none_60b5254171f9507e\COMCTL32.dll
0x00007fffef700000 - 0x00007fffef79e000 	C:\Windows\System32\msvcrt.dll
0x00007ffff0620000 - 0x00007ffff0650000 	C:\Windows\System32\IMM32.DLL
0x00007fffdb710000 - 0x00007fffdb71c000 	C:\Program Files\Android\Android Studio\jbr\bin\vcruntime140_1.dll
0x00007fffbf0f0000 - 0x00007fffbf17d000 	C:\Program Files\Android\Android Studio\jbr\bin\msvcp140.dll
0x00007fffb28b0000 - 0x00007fffb351d000 	C:\Program Files\Android\Android Studio\jbr\bin\server\jvm.dll
0x00007ffff0570000 - 0x00007ffff061e000 	C:\Windows\System32\ADVAPI32.dll
0x00007fffefc60000 - 0x00007fffefcfc000 	C:\Windows\System32\sechost.dll
0x00007fffef930000 - 0x00007fffefa56000 	C:\Windows\System32\RPCRT4.dll
0x00007fffe7bd0000 - 0x00007fffe7bd9000 	C:\Windows\SYSTEM32\WSOCK32.dll
0x00007fffefac0000 - 0x00007fffefb2b000 	C:\Windows\System32\WS2_32.dll
0x00007fffdb850000 - 0x00007fffdb877000 	C:\Windows\SYSTEM32\WINMM.dll
0x00007fffe7ad0000 - 0x00007fffe7ada000 	C:\Windows\SYSTEM32\VERSION.dll
0x00007fffec800000 - 0x00007fffec812000 	C:\Windows\SYSTEM32\kernel.appcore.dll
0x00007fffe7df0000 - 0x00007fffe7dfa000 	C:\Program Files\Android\Android Studio\jbr\bin\jimage.dll
0x00007fffedfd0000 - 0x00007fffee1b4000 	C:\Windows\SYSTEM32\DBGHELP.DLL
0x00007fffedf90000 - 0x00007fffedfc4000 	C:\Windows\SYSTEM32\dbgcore.DLL
0x00007fffeee30000 - 0x00007fffeeeb2000 	C:\Windows\System32\bcryptPrimitives.dll
0x00007fffd4f90000 - 0x00007fffd4fb5000 	C:\Program Files\Android\Android Studio\jbr\bin\java.dll
0x00007fffe7100000 - 0x00007fffe7118000 	C:\Program Files\Android\Android Studio\jbr\bin\zip.dll
0x00007ffff0650000 - 0x00007ffff0d94000 	C:\Windows\System32\SHELL32.dll
0x00007fffec050000 - 0x00007fffec7e3000 	C:\Windows\SYSTEM32\windows.storage.dll
0x00007fffef2e0000 - 0x00007fffef634000 	C:\Windows\System32\combase.dll
0x00007fffed980000 - 0x00007fffed9ae000 	C:\Windows\SYSTEM32\Wldp.dll
0x00007fffef830000 - 0x00007fffef8dd000 	C:\Windows\System32\SHCORE.dll
0x00007fffefa60000 - 0x00007fffefab5000 	C:\Windows\System32\shlwapi.dll
0x00007fffee560000 - 0x00007fffee57f000 	C:\Windows\SYSTEM32\profapi.dll
0x00007fffe7090000 - 0x00007fffe70a9000 	C:\Program Files\Android\Android Studio\jbr\bin\net.dll
0x00007fffe8ad0000 - 0x00007fffe8bda000 	C:\Windows\SYSTEM32\WINHTTP.dll
0x00007fffed850000 - 0x00007fffed8ba000 	C:\Windows\system32\mswsock.dll
0x00007fffe5e50000 - 0x00007fffe5e66000 	C:\Program Files\Android\Android Studio\jbr\bin\nio.dll
0x00007fffe7070000 - 0x00007fffe7080000 	C:\Program Files\Android\Android Studio\jbr\bin\verify.dll
0x00007fffd4f60000 - 0x00007fffd4f87000 	C:\Users\User\.gradle\native\68d5fa5c4cc2d200863cafc0d521ce42e7d3e7ee720ec0a83991735586a16f82\windows-amd64\native-platform.dll
0x00007fffb1100000 - 0x00007fffb1244000 	C:\Users\User\.gradle\native\e376f236ea51e6404a007f0833ffe2c6e607c4080706a723a18a27aeea778392\windows-amd64\native-platform-file-events.dll
0x00007fffe7b50000 - 0x00007fffe7b59000 	C:\Program Files\Android\Android Studio\jbr\bin\management.dll
0x00007fffe7200000 - 0x00007fffe720b000 	C:\Program Files\Android\Android Studio\jbr\bin\management_ext.dll
0x00007fffefbf0000 - 0x00007fffefbf8000 	C:\Windows\System32\PSAPI.DLL
0x00007fffee3b0000 - 0x00007fffee3c8000 	C:\Windows\SYSTEM32\CRYPTSP.dll
0x00007fffed060000 - 0x00007fffed094000 	C:\Windows\system32\rsaenh.dll
0x00007fffeec50000 - 0x00007fffeec77000 	C:\Windows\System32\bcrypt.dll
0x00007fffee4e0000 - 0x00007fffee50e000 	C:\Windows\SYSTEM32\USERENV.dll
0x00007fffed940000 - 0x00007fffed94c000 	C:\Windows\SYSTEM32\CRYPTBASE.dll
0x00007fffed3d0000 - 0x00007fffed40c000 	C:\Windows\SYSTEM32\IPHLPAPI.DLL
0x00007ffff0490000 - 0x00007ffff0498000 	C:\Windows\System32\NSI.dll
0x00007fffe5730000 - 0x00007fffe5747000 	C:\Windows\SYSTEM32\dhcpcsvc6.DLL
0x00007fffe6ee0000 - 0x00007fffe6efd000 	C:\Windows\SYSTEM32\dhcpcsvc.DLL
0x00007fffed410000 - 0x00007fffed4db000 	C:\Windows\SYSTEM32\DNSAPI.dll
0x00007fffe4be0000 - 0x00007fffe4be7000 	C:\Windows\system32\wshunix.dll

dbghelp: loaded successfully - version: 4.0.5 - missing functions: none
symbol engine: initialized successfully - sym options: 0x614 - pdb path: .;C:\Program Files\Android\Android Studio\jbr\bin;C:\Windows\SYSTEM32;C:\Windows\WinSxS\amd64_microsoft.windows.common-controls_6595b64144ccf1df_6.0.19041.1110_none_60b5254171f9507e;C:\Program Files\Android\Android Studio\jbr\bin\server;C:\Users\User\.gradle\native\68d5fa5c4cc2d200863cafc0d521ce42e7d3e7ee720ec0a83991735586a16f82\windows-amd64;C:\Users\User\.gradle\native\e376f236ea51e6404a007f0833ffe2c6e607c4080706a723a18a27aeea778392\windows-amd64

VM Arguments:
jvm_args: --add-opens=java.base/java.util=ALL-UNNAMED --add-opens=java.base/java.lang=ALL-UNNAMED --add-opens=java.base/java.lang.invoke=ALL-UNNAMED --add-opens=java.prefs/java.util.prefs=ALL-UNNAMED --add-opens=java.base/java.nio.charset=ALL-UNNAMED --add-opens=java.base/java.net=ALL-UNNAMED --add-opens=java.base/java.util.concurrent.atomic=ALL-UNNAMED -Xmx2048m -Dfile.encoding=UTF-8 -Duser.country=KR -Duser.language=ko -Duser.variant 
java_command: org.gradle.launcher.daemon.bootstrap.GradleDaemon 8.0
java_class_path (initial): C:\Users\User\.gradle\wrapper\dists\gradle-8.0-bin\ca5e32bp14vu59qr306oxotwh\gradle-8.0\lib\gradle-launcher-8.0.jar
Launcher Type: SUN_STANDARD

[Global flags]
     intx CICompilerCount                          = 4                                         {product} {ergonomic}
     uint ConcGCThreads                            = 2                                         {product} {ergonomic}
     uint G1ConcRefinementThreads                  = 8                                         {product} {ergonomic}
   size_t G1HeapRegionSize                         = 1048576                                   {product} {ergonomic}
    uintx GCDrainStackTargetSize                   = 64                                        {product} {ergonomic}
   size_t InitialHeapSize                          = 264241152                                 {product} {ergonomic}
   size_t MarkStackSize                            = 4194304                                   {product} {ergonomic}
   size_t MaxHeapSize                              = 2147483648                                {product} {command line}
   size_t MaxNewSize                               = 1287651328                                {product} {ergonomic}
   size_t MinHeapDeltaBytes                        = 1048576                                   {product} {ergonomic}
   size_t MinHeapSize                              = 8388608                                   {product} {ergonomic}
    uintx NonNMethodCodeHeapSize                   = 5839372                                {pd product} {ergonomic}
    uintx NonProfiledCodeHeapSize                  = 122909434                              {pd product} {ergonomic}
    uintx ProfiledCodeHeapSize                     = 122909434                              {pd product} {ergonomic}
    uintx ReservedCodeCacheSize                    = 251658240                              {pd product} {ergonomic}
     bool SegmentedCodeCache                       = true                                      {product} {ergonomic}
   size_t SoftMaxHeapSize                          = 2147483648                             {manageable} {ergonomic}
     bool UseCompressedClassPointers               = true                           {product lp64_product} {ergonomic}
     bool UseCompressedOops                        = true                           {product lp64_product} {ergonomic}
     bool UseG1GC                                  = true                                      {product} {ergonomic}
     bool UseLargePagesIndividualAllocation        = false                                  {pd product} {ergonomic}

Logging:
Log output configuration:
 #0: stdout all=warning uptime,level,tags
 #1: stderr all=off uptime,level,tags

Environment Variables:
PATH=C:\Program Files\Common Files\Oracle\Java\javapath;C:\Program Files (x86)\Common Files\Oracle\Java\javapath;C:\Users\User\Desktop\python_project;C:\Windows\system32;C:\Windows;C:\Windows\System32\Wbem;C:\Windows\System32\WindowsPowerShell\v1.0\;C:\Windows\System32\OpenSSH\;C:\Microsoft\AndroidSDK\25\platform-tools\;C:\Program Files\Bandizip\;C:\Program Files\Git\cmd;C:\Users\User\AppData\Local\Programs\Python\Python311\Scripts\;C:\Users\User\AppData\Local\Programs\Python\Python311\;C:\Users\User\AppData\Local\Microsoft\WindowsApps;C:\Users\User\AppData\Local\Programs\Microsoft VS Code\bin;C:\Users\User\AppData\Local\Android\Sdk\platform-tools;C:\Users\User\Desktop\platform-tools_r33.0.3-windows\platform-tools;;C:\Program Files\JetBrains\IntelliJ IDEA Community Edition 2023.1\bin;
USERNAME=User
OS=Windows_NT
PROCESSOR_IDENTIFIER=Intel64 Family 6 Model 140 Stepping 1, GenuineIntel
TMP=C:\Users\User\AppData\Local\Temp
TEMP=C:\Users\User\AppData\Local\Temp



---------------  S Y S T E M  ---------------

OS:
 Windows 10 , 64 bit Build 19041 (10.0.19041.2788)
OS uptime: 15 days 4:38 hours

CPU: total 8 (initial active 8) (4 cores per cpu, 2 threads per core) family 6 model 140 stepping 1 microcode 0x9a, cx8, cmov, fxsr, ht, mmx, 3dnowpref, sse, sse2, sse3, ssse3, sse4.1, sse4.2, popcnt, lzcnt, tsc, tscinvbit, avx, avx2, aes, erms, clmul, bmi1, bmi2, adx, avx512f, avx512dq, avx512cd, avx512bw, avx512vl, sha, fma, vzeroupper, avx512_vpopcntdq, avx512_vpclmulqdq, avx512_vaes, avx512_vnni, clflush, clflushopt, clwb, avx512_vbmi2, avx512_vbmi

Memory: 4k page, system-wide physical 16108M (1905M free)
TotalPageFile size 46552M (AvailPageFile size 6M)
current process WorkingSet (physical memory assigned to process): 477M, peak: 477M
current process commit charge ("private bytes"): 518M, peak: 519M

vm_info: OpenJDK 64-Bit Server VM (17.0.6+0-b2043.56-9586694) for windows-amd64 JRE (17.0.6+0-b2043.56-9586694), built on Feb  9 2023 20:06:20 by "androidbuild" with MS VC++ 16.10 / 16.11 (VS2019)

END.
